<?xml version="1.0" encoding="UTF-8"?>
<rss version="2.0" xmlns:torrent="http://xmlns.ezrss.it/0.1/">
<channel>
    <title>TV Torrents RSS feed - EZTV</title>
    <link>https://eztv.re/</link>
    <description>TV Torrents RSS feed - EZTV</description>
    <lastBuildDate>Thu, 16 Nov 2023 05:25:01 +0100</lastBuildDate>
    <item>
        <title>The Challenge S39E05 HDTV x264-CRiMSON</title>
        <category>TV</category>
        <link>https://eztv.re/ep/2182988/the-challenge-s39e05-hdtv-x264-crimson/</link>
        <guid>https://eztv.re/ep/2182988/the-challenge-s39e05-hdtv-x264-crimson/</guid>
        <pubDate>Thu, 16 Nov 2023 05:21:26 +0100</pubDate>
        <torrent:contentLength>465309558</torrent:contentLength>
        <torrent:infoHash>C23455484E9E12EB25C7A64C67ABE7F34B0D52B6</torrent:infoHash>
        <torrent:magnetURI><![CDATA[magnet:?xt=urn:btih:C23455484E9E12EB25C7A64C67ABE7F34B0D52B6&dn=The.Challenge.S39E05.HDTV.x264-CRiMSON%5Beztv.re%5D.mkv&tr=udp%3A%2F%2Fglotorrents.pw%3A6969%2Fannounce&tr=udp%3A%2F%2Ftracker.coppersurfer.tk%3A6969&tr=udp%3A%2F%2Ftracker.opentrackr.org%3A1337%2Fannounce&tr=udp%3A%2F%2Ftorrent.gresille.org%3A80%2Fannounce&tr=udp%3A%2F%2F9.rarbg.me%3A2710%2Fannounce&tr=udp%3A%2F%2Fp4p.arenabg.com%3A1337&tr=udp%3A%2F%2Ftracker.internetwarriors.net%3A1337]]></torrent:magnetURI>
        <torrent:seeds>0</torrent:seeds>
        <torrent:peers>0</torrent:peers>
        <torrent:verified>0</torrent:verified>
        <torrent:fileName>The.Challenge.S39E05.HDTV.x264-CRiMSON[eztv.re].mkv</torrent:fileName>
        <enclosure url="https://zoink.ch/torrent/The.Challenge.S39E05.HDTV.x264-CRiMSON[eztv.re].mkv.torrent" length="465309558" type="application/x-bittorrent" />
    </item>
    <item>
        <title>American Monster S11E01 1080p HEVC x265-MeGusta</title>
        <category>TV</category>
        <link>https://eztv.re/ep/2182987/american-monster-s11e01-1080p-hevc-x265-megusta/</link>
        <guid>https://eztv.re/ep/2182987/american-monster-s11e01-1080p-hevc-x265-megusta/</guid>
        <pubDate>Thu, 16 Nov 2023 05:18:18 +0100</pubDate>
        <torrent:contentLength>351465490</torrent:contentLength>
        <torrent:infoHash>F014CEEE01A0D60F9DBEFF1C3CDEA4631F6B7452</torrent:infoHash>
        <torrent:magnetURI><![CDATA[magnet:?xt=urn:btih:F014CEEE01A0D60F9DBEFF1C3CDEA4631F6B7452&dn=American.Monster.S11E01.1080p.HEVC.x265-MeGusta%5Beztv.re%5D.mkv&tr=udp%3A%2F%2Fglotorrents.pw%3A6969%2Fannounce&tr=udp%3A%2F%2Ftracker.coppersurfer.tk%3A6969&tr=udp%3A%2F%2Ftracker.opentrackr.org%3A1337%2Fannounce&tr=udp%3A%2F%2Ftorrent.gresille.org%3A80%2Fannounce&tr=udp%3A%2F%2F9.rarbg.me%3A2710%2Fannounce&tr=udp%3A%2F%2Fp4p.arenabg.com%3A1337&tr=udp%3A%2F%2Ftracker.internetwarriors.net%3A1337]]></torrent:magnetURI>
        <torrent:seeds>0</torrent:seeds>
        <torrent:peers>0</torrent:peers>
        <torrent:verified>0</torrent:verified>
        <torrent:fileName>American.Monster.S11E01.1080p.HEVC.x265-MeGusta[eztv.re].mkv</torrent:fileName>
        <enclosure url="https://zoink.ch/torrent/American.Monster.S11E01.1080p.HEVC.x265-MeGusta[eztv.re].mkv.torrent" length="351465490" type="application/x-bittorrent" />
    </item>
    <item>
        <title>SurrealEstate S02E07 480p x264-mSD</title>
        <category>TV</category>
        <link>https://eztv.re/ep/2182986/surrealestate-s02e07-480p-x264-msd/</link>
        <guid>https://eztv.re/ep/2182986/surrealestate-s02e07-480p-x264-msd/</guid>
        <pubDate>Thu, 16 Nov 2023 05:18:16 +0100</pubDate>
        <torrent:contentLength>99037376</torrent:contentLength>
        <torrent:infoHash>DA33A3E4CD4FC237805E69CF2B9DD06C9319D39D</torrent:infoHash>
        <torrent:magnetURI><![CDATA[magnet:?xt=urn:btih:DA33A3E4CD4FC237805E69CF2B9DD06C9319D39D&dn=SurrealEstate.S02E07.480p.x264-mSD%5Beztv.re%5D.mkv&tr=udp%3A%2F%2Fglotorrents.pw%3A6969%2Fannounce&tr=udp%3A%2F%2Ftracker.coppersurfer.tk%3A6969&tr=udp%3A%2F%2Ftracker.opentrackr.org%3A1337%2Fannounce&tr=udp%3A%2F%2Ftorrent.gresille.org%3A80%2Fannounce&tr=udp%3A%2F%2F9.rarbg.me%3A2710%2Fannounce&tr=udp%3A%2F%2Fp4p.arenabg.com%3A1337&tr=udp%3A%2F%2Ftracker.internetwarriors.net%3A1337]]></torrent:magnetURI>
        <torrent:seeds>0</torrent:seeds>
        <torrent:peers>0</torrent:peers>
        <torrent:verified>0</torrent:verified>
        <torrent:fileName>SurrealEstate.S02E07.480p.x264-mSD[eztv.re].mkv</torrent:fileName>
        <enclosure url="https://zoink.ch/torrent/SurrealEstate.S02E07.480p.x264-mSD[eztv.re].mkv.torrent" length="99037376" type="application/x-bittorrent" />
    </item>
    <item>
        <title>SurrealEstate S02E07 720p HEVC x265-MeGusta</title>
        <category>TV</category>
        <link>https://eztv.re/ep/2182985/surrealestate-s02e07-720p-hevc-x265-megusta/</link>
        <guid>https://eztv.re/ep/2182985/surrealestate-s02e07-720p-hevc-x265-megusta/</guid>
        <pubDate>Thu, 16 Nov 2023 05:18:14 +0100</pubDate>
        <torrent:contentLength>133879440</torrent:contentLength>
        <torrent:infoHash>4838B8EC056DEEA5BCA5199D2FACF36FFD0840BA</torrent:infoHash>
        <torrent:magnetURI><![CDATA[magnet:?xt=urn:btih:4838B8EC056DEEA5BCA5199D2FACF36FFD0840BA&dn=SurrealEstate.S02E07.720p.HEVC.x265-MeGusta%5Beztv.re%5D.mkv&tr=udp%3A%2F%2Fglotorrents.pw%3A6969%2Fannounce&tr=udp%3A%2F%2Ftracker.coppersurfer.tk%3A6969&tr=udp%3A%2F%2Ftracker.opentrackr.org%3A1337%2Fannounce&tr=udp%3A%2F%2Ftorrent.gresille.org%3A80%2Fannounce&tr=udp%3A%2F%2F9.rarbg.me%3A2710%2Fannounce&tr=udp%3A%2F%2Fp4p.arenabg.com%3A1337&tr=udp%3A%2F%2Ftracker.internetwarriors.net%3A1337]]></torrent:magnetURI>
        <torrent:seeds>0</torrent:seeds>
        <torrent:peers>0</torrent:peers>
        <torrent:verified>0</torrent:verified>
        <torrent:fileName>SurrealEstate.S02E07.720p.HEVC.x265-MeGusta[eztv.re].mkv</torrent:fileName>
        <enclosure url="https://zoink.ch/torrent/SurrealEstate.S02E07.720p.HEVC.x265-MeGusta[eztv.re].mkv.torrent" length="133879440" type="application/x-bittorrent" />
    </item>
    <item>
        <title>SurrealEstate S02E07 1080p WEB h264-EDITH</title>
        <category>TV</category>
        <link>https://eztv.re/ep/2182984/surrealestate-s02e07-1080p-web-h264-edith/</link>
        <guid>https://eztv.re/ep/2182984/surrealestate-s02e07-1080p-web-h264-edith/</guid>
        <pubDate>Thu, 16 Nov 2023 05:12:37 +0100</pubDate>
        <torrent:contentLength>1499697554</torrent:contentLength>
        <torrent:infoHash>F5CFB40AFF697F055B58A7BF65AE318BA7D06AA8</torrent:infoHash>
        <torrent:magnetURI><![CDATA[magnet:?xt=urn:btih:F5CFB40AFF697F055B58A7BF65AE318BA7D06AA8&dn=SurrealEstate.S02E07.1080p.WEB.h264-EDITH%5Beztv.re%5D.mkv&tr=udp%3A%2F%2Fglotorrents.pw%3A6969%2Fannounce&tr=udp%3A%2F%2Ftracker.coppersurfer.tk%3A6969&tr=udp%3A%2F%2Ftracker.opentrackr.org%3A1337%2Fannounce&tr=udp%3A%2F%2Ftorrent.gresille.org%3A80%2Fannounce&tr=udp%3A%2F%2F9.rarbg.me%3A2710%2Fannounce&tr=udp%3A%2F%2Fp4p.arenabg.com%3A1337&tr=udp%3A%2F%2Ftracker.internetwarriors.net%3A1337]]></torrent:magnetURI>
        <torrent:seeds>0</torrent:seeds>
        <torrent:peers>0</torrent:peers>
        <torrent:verified>0</torrent:verified>
        <torrent:fileName>SurrealEstate.S02E07.1080p.WEB.h264-EDITH[eztv.re].mkv</torrent:fileName>
        <enclosure url="https://zoink.ch/torrent/SurrealEstate.S02E07.1080p.WEB.h264-EDITH[eztv.re].mkv.torrent" length="1499697554" type="application/x-bittorrent" />
    </item>
    <item>
        <title>SurrealEstate S02E07 720p WEB h264-EDITH</title>
        <category>TV</category>
        <link>https://eztv.re/ep/2182983/surrealestate-s02e07-720p-web-h264-edith/</link>
        <guid>https://eztv.re/ep/2182983/surrealestate-s02e07-720p-web-h264-edith/</guid>
        <pubDate>Thu, 16 Nov 2023 05:06:20 +0100</pubDate>
        <torrent:contentLength>419768724</torrent:contentLength>
        <torrent:infoHash>3BFB455FEB32E88B18070D10E34B6BED7DDCBF79</torrent:infoHash>
        <torrent:magnetURI><![CDATA[magnet:?xt=urn:btih:3BFB455FEB32E88B18070D10E34B6BED7DDCBF79&dn=SurrealEstate.S02E07.720p.WEB.h264-EDITH%5Beztv.re%5D.mkv&tr=udp%3A%2F%2Fglotorrents.pw%3A6969%2Fannounce&tr=udp%3A%2F%2Ftracker.coppersurfer.tk%3A6969&tr=udp%3A%2F%2Ftracker.opentrackr.org%3A1337%2Fannounce&tr=udp%3A%2F%2Ftorrent.gresille.org%3A80%2Fannounce&tr=udp%3A%2F%2F9.rarbg.me%3A2710%2Fannounce&tr=udp%3A%2F%2Fp4p.arenabg.com%3A1337&tr=udp%3A%2F%2Ftracker.internetwarriors.net%3A1337]]></torrent:magnetURI>
        <torrent:seeds>0</torrent:seeds>
        <torrent:peers>0</torrent:peers>
        <torrent:verified>0</torrent:verified>
        <torrent:fileName>SurrealEstate.S02E07.720p.WEB.h264-EDITH[eztv.re].mkv</torrent:fileName>
        <enclosure url="https://zoink.ch/torrent/SurrealEstate.S02E07.720p.WEB.h264-EDITH[eztv.re].mkv.torrent" length="419768724" type="application/x-bittorrent" />
    </item>
    <item>
        <title>NOVA S50E17 The Battle to Beat Malaria XviD-AFG</title>
        <category>TV</category>
        <link>https://eztv.re/ep/2182982/nova-s50e17-the-battle-to-beat-malaria-xvid-afg/</link>
        <guid>https://eztv.re/ep/2182982/nova-s50e17-the-battle-to-beat-malaria-xvid-afg/</guid>
        <pubDate>Thu, 16 Nov 2023 05:06:19 +0100</pubDate>
        <torrent:contentLength>770400272</torrent:contentLength>
        <torrent:infoHash>DE04AC2324E4E6DDB9482BF1542BD2287210BB17</torrent:infoHash>
        <torrent:magnetURI><![CDATA[magnet:?xt=urn:btih:DE04AC2324E4E6DDB9482BF1542BD2287210BB17&dn=NOVA.S50E17.The.Battle.to.Beat.Malaria.XviD-AFG%5Beztv.re%5D.avi&tr=udp%3A%2F%2Fglotorrents.pw%3A6969%2Fannounce&tr=udp%3A%2F%2Ftracker.coppersurfer.tk%3A6969&tr=udp%3A%2F%2Ftracker.opentrackr.org%3A1337%2Fannounce&tr=udp%3A%2F%2Ftorrent.gresille.org%3A80%2Fannounce&tr=udp%3A%2F%2F9.rarbg.me%3A2710%2Fannounce&tr=udp%3A%2F%2Fp4p.arenabg.com%3A1337&tr=udp%3A%2F%2Ftracker.internetwarriors.net%3A1337]]></torrent:magnetURI>
        <torrent:seeds>0</torrent:seeds>
        <torrent:peers>0</torrent:peers>
        <torrent:verified>0</torrent:verified>
        <torrent:fileName>NOVA.S50E17.The.Battle.to.Beat.Malaria.XviD-AFG[eztv.re].avi</torrent:fileName>
        <enclosure url="https://zoink.ch/torrent/NOVA.S50E17.The.Battle.to.Beat.Malaria.XviD-AFG[eztv.re].avi.torrent" length="770400272" type="application/x-bittorrent" />
    </item>
    <item>
        <title>Family Feud Canada S05E35 XviD-AFG</title>
        <category>TV</category>
        <link>https://eztv.re/ep/2182981/family-feud-canada-s05e35-xvid-afg/</link>
        <guid>https://eztv.re/ep/2182981/family-feud-canada-s05e35-xvid-afg/</guid>
        <pubDate>Thu, 16 Nov 2023 05:03:24 +0100</pubDate>
        <torrent:contentLength>616943206</torrent:contentLength>
        <torrent:infoHash>3F705B3F92B828E33B44BA4A837695856FF3E6D9</torrent:infoHash>
        <torrent:magnetURI><![CDATA[magnet:?xt=urn:btih:3F705B3F92B828E33B44BA4A837695856FF3E6D9&dn=Family.Feud.Canada.S05E35.XviD-AFG%5Beztv.re%5D.avi&tr=udp%3A%2F%2Fglotorrents.pw%3A6969%2Fannounce&tr=udp%3A%2F%2Ftracker.coppersurfer.tk%3A6969&tr=udp%3A%2F%2Ftracker.opentrackr.org%3A1337%2Fannounce&tr=udp%3A%2F%2Ftorrent.gresille.org%3A80%2Fannounce&tr=udp%3A%2F%2F9.rarbg.me%3A2710%2Fannounce&tr=udp%3A%2F%2Fp4p.arenabg.com%3A1337&tr=udp%3A%2F%2Ftracker.internetwarriors.net%3A1337]]></torrent:magnetURI>
        <torrent:seeds>0</torrent:seeds>
        <torrent:peers>0</torrent:peers>
        <torrent:verified>0</torrent:verified>
        <torrent:fileName>Family.Feud.Canada.S05E35.XviD-AFG[eztv.re].avi</torrent:fileName>
        <enclosure url="https://zoink.ch/torrent/Family.Feud.Canada.S05E35.XviD-AFG[eztv.re].avi.torrent" length="616943206" type="application/x-bittorrent" />
    </item>
    <item>
        <title>90 Day Fiance S10E06 1080p HEVC x265-MeGusta</title>
        <category>TV</category>
        <link>https://eztv.re/ep/2182980/90-day-fiance-s10e06-1080p-hevc-x265-megusta/</link>
        <guid>https://eztv.re/ep/2182980/90-day-fiance-s10e06-1080p-hevc-x265-megusta/</guid>
        <pubDate>Thu, 16 Nov 2023 04:57:29 +0100</pubDate>
        <torrent:contentLength>1301192466</torrent:contentLength>
        <torrent:infoHash>DF035486C6DB627A852DB10BA359E4D6EC75F233</torrent:infoHash>
        <torrent:magnetURI><![CDATA[magnet:?xt=urn:btih:DF035486C6DB627A852DB10BA359E4D6EC75F233&dn=90.Day.Fiance.S10E06.1080p.HEVC.x265-MeGusta%5Beztv.re%5D.mkv&tr=udp%3A%2F%2Fglotorrents.pw%3A6969%2Fannounce&tr=udp%3A%2F%2Ftracker.coppersurfer.tk%3A6969&tr=udp%3A%2F%2Ftracker.opentrackr.org%3A1337%2Fannounce&tr=udp%3A%2F%2Ftorrent.gresille.org%3A80%2Fannounce&tr=udp%3A%2F%2F9.rarbg.me%3A2710%2Fannounce&tr=udp%3A%2F%2Fp4p.arenabg.com%3A1337&tr=udp%3A%2F%2Ftracker.internetwarriors.net%3A1337]]></torrent:magnetURI>
        <torrent:seeds>0</torrent:seeds>
        <torrent:peers>0</torrent:peers>
        <torrent:verified>0</torrent:verified>
        <torrent:fileName>90.Day.Fiance.S10E06.1080p.HEVC.x265-MeGusta[eztv.re].mkv</torrent:fileName>
        <enclosure url="https://zoink.ch/torrent/90.Day.Fiance.S10E06.1080p.HEVC.x265-MeGusta[eztv.re].mkv.torrent" length="1301192466" type="application/x-bittorrent" />
    </item>
    <item>
        <title>Scrublands S01E01 XviD-AFG</title>
        <category>TV</category>
        <link>https://eztv.re/ep/2182979/scrublands-s01e01-xvid-afg/</link>
        <guid>https://eztv.re/ep/2182979/scrublands-s01e01-xvid-afg/</guid>
        <pubDate>Thu, 16 Nov 2023 04:57:21 +0100</pubDate>
        <torrent:contentLength>450042698</torrent:contentLength>
        <torrent:infoHash>04E4EACB3D443503810DB1EF1A28B6BD0DEBC435</torrent:infoHash>
        <torrent:magnetURI><![CDATA[magnet:?xt=urn:btih:04E4EACB3D443503810DB1EF1A28B6BD0DEBC435&dn=Scrublands.S01E01.XviD-AFG%5Beztv.re%5D.avi&tr=udp%3A%2F%2Fglotorrents.pw%3A6969%2Fannounce&tr=udp%3A%2F%2Ftracker.coppersurfer.tk%3A6969&tr=udp%3A%2F%2Ftracker.opentrackr.org%3A1337%2Fannounce&tr=udp%3A%2F%2Ftorrent.gresille.org%3A80%2Fannounce&tr=udp%3A%2F%2F9.rarbg.me%3A2710%2Fannounce&tr=udp%3A%2F%2Fp4p.arenabg.com%3A1337&tr=udp%3A%2F%2Ftracker.internetwarriors.net%3A1337]]></torrent:magnetURI>
        <torrent:seeds>0</torrent:seeds>
        <torrent:peers>0</torrent:peers>
        <torrent:verified>0</torrent:verified>
        <torrent:fileName>Scrublands.S01E01.XviD-AFG[eztv.re].avi</torrent:fileName>
        <enclosure url="https://zoink.ch/torrent/Scrublands.S01E01.XviD-AFG[eztv.re].avi.torrent" length="450042698" type="application/x-bittorrent" />
    </item>
    <item>
        <title>Mystery at Blind Frog Ranch S03E01 1080p WEB h264-DUHSCOVERY</title>
        <category>TV</category>
        <link>https://eztv.re/ep/2182978/mystery-at-blind-frog-ranch-s03e01-1080p-web-h264-duhscovery/</link>
        <guid>https://eztv.re/ep/2182978/mystery-at-blind-frog-ranch-s03e01-1080p-web-h264-duhscovery/</guid>
        <pubDate>Thu, 16 Nov 2023 04:56:30 +0100</pubDate>
        <torrent:contentLength>3126120235</torrent:contentLength>
        <torrent:infoHash>FB4269C84104B311CFD964EBFBE9995486279084</torrent:infoHash>
        <torrent:magnetURI><![CDATA[magnet:?xt=urn:btih:FB4269C84104B311CFD964EBFBE9995486279084&dn=Mystery.at.Blind.Frog.Ranch.S03E01.1080p.WEB.h264-DUHSCOVERY%5Beztv.re%5D.mkv&tr=udp%3A%2F%2Fglotorrents.pw%3A6969%2Fannounce&tr=udp%3A%2F%2Ftracker.coppersurfer.tk%3A6969&tr=udp%3A%2F%2Ftracker.opentrackr.org%3A1337%2Fannounce&tr=udp%3A%2F%2Ftorrent.gresille.org%3A80%2Fannounce&tr=udp%3A%2F%2F9.rarbg.me%3A2710%2Fannounce&tr=udp%3A%2F%2Fp4p.arenabg.com%3A1337&tr=udp%3A%2F%2Ftracker.internetwarriors.net%3A1337]]></torrent:magnetURI>
        <torrent:seeds>0</torrent:seeds>
        <torrent:peers>0</torrent:peers>
        <torrent:verified>0</torrent:verified>
        <torrent:fileName>Mystery.at.Blind.Frog.Ranch.S03E01.1080p.WEB.h264-DUHSCOVERY[eztv.re].mkv</torrent:fileName>
        <enclosure url="https://zoink.ch/torrent/Mystery.at.Blind.Frog.Ranch.S03E01.1080p.WEB.h264-DUHSCOVERY[eztv.re].mkv.torrent" length="3126120235" type="application/x-bittorrent" />
    </item>
    <item>
        <title>Dark Side Of Comedy S02E05 XviD-AFG</title>
        <category>TV</category>
        <link>https://eztv.re/ep/2182977/dark-side-of-comedy-s02e05-xvid-afg/</link>
        <guid>https://eztv.re/ep/2182977/dark-side-of-comedy-s02e05-xvid-afg/</guid>
        <pubDate>Thu, 16 Nov 2023 04:51:16 +0100</pubDate>
        <torrent:contentLength>400364008</torrent:contentLength>
        <torrent:infoHash>315B22A2A8C6E5ABC42100328F145056FB3F3353</torrent:infoHash>
        <torrent:magnetURI><![CDATA[magnet:?xt=urn:btih:315B22A2A8C6E5ABC42100328F145056FB3F3353&dn=Dark.Side.Of.Comedy.S02E05.XviD-AFG%5Beztv.re%5D.avi&tr=udp%3A%2F%2Fglotorrents.pw%3A6969%2Fannounce&tr=udp%3A%2F%2Ftracker.coppersurfer.tk%3A6969&tr=udp%3A%2F%2Ftracker.opentrackr.org%3A1337%2Fannounce&tr=udp%3A%2F%2Ftorrent.gresille.org%3A80%2Fannounce&tr=udp%3A%2F%2F9.rarbg.me%3A2710%2Fannounce&tr=udp%3A%2F%2Fp4p.arenabg.com%3A1337&tr=udp%3A%2F%2Ftracker.internetwarriors.net%3A1337]]></torrent:magnetURI>
        <torrent:seeds>0</torrent:seeds>
        <torrent:peers>0</torrent:peers>
        <torrent:verified>0</torrent:verified>
        <torrent:fileName>Dark.Side.Of.Comedy.S02E05.XviD-AFG[eztv.re].avi</torrent:fileName>
        <enclosure url="https://zoink.ch/torrent/Dark.Side.Of.Comedy.S02E05.XviD-AFG[eztv.re].avi.torrent" length="400364008" type="application/x-bittorrent" />
    </item>
    <item>
        <title>Scrublands S01E03 XviD-AFG</title>
        <category>TV</category>
        <link>https://eztv.re/ep/2182976/scrublands-s01e03-xvid-afg/</link>
        <guid>https://eztv.re/ep/2182976/scrublands-s01e03-xvid-afg/</guid>
        <pubDate>Thu, 16 Nov 2023 04:48:21 +0100</pubDate>
        <torrent:contentLength>376206422</torrent:contentLength>
        <torrent:infoHash>7C01DD63B9F4761C540D92EB92D8B24EB6CCD280</torrent:infoHash>
        <torrent:magnetURI><![CDATA[magnet:?xt=urn:btih:7C01DD63B9F4761C540D92EB92D8B24EB6CCD280&dn=Scrublands.S01E03.XviD-AFG%5Beztv.re%5D.avi&tr=udp%3A%2F%2Fglotorrents.pw%3A6969%2Fannounce&tr=udp%3A%2F%2Ftracker.coppersurfer.tk%3A6969&tr=udp%3A%2F%2Ftracker.opentrackr.org%3A1337%2Fannounce&tr=udp%3A%2F%2Ftorrent.gresille.org%3A80%2Fannounce&tr=udp%3A%2F%2F9.rarbg.me%3A2710%2Fannounce&tr=udp%3A%2F%2Fp4p.arenabg.com%3A1337&tr=udp%3A%2F%2Ftracker.internetwarriors.net%3A1337]]></torrent:magnetURI>
        <torrent:seeds>0</torrent:seeds>
        <torrent:peers>0</torrent:peers>
        <torrent:verified>0</torrent:verified>
        <torrent:fileName>Scrublands.S01E03.XviD-AFG[eztv.re].avi</torrent:fileName>
        <enclosure url="https://zoink.ch/torrent/Scrublands.S01E03.XviD-AFG[eztv.re].avi.torrent" length="376206422" type="application/x-bittorrent" />
    </item>
    <item>
        <title>Contraband Seized at the Border S02E05 XviD-AFG</title>
        <category>TV</category>
        <link>https://eztv.re/ep/2182975/contraband-seized-at-the-border-s02e05-xvid-afg/</link>
        <guid>https://eztv.re/ep/2182975/contraband-seized-at-the-border-s02e05-xvid-afg/</guid>
        <pubDate>Thu, 16 Nov 2023 04:48:19 +0100</pubDate>
        <torrent:contentLength>613391118</torrent:contentLength>
        <torrent:infoHash>5CC84E8AE5CBEB810B586F57EDDFEC46DF26BE1F</torrent:infoHash>
        <torrent:magnetURI><![CDATA[magnet:?xt=urn:btih:5CC84E8AE5CBEB810B586F57EDDFEC46DF26BE1F&dn=Contraband.Seized.at.the.Border.S02E05.XviD-AFG%5Beztv.re%5D.avi&tr=udp%3A%2F%2Fglotorrents.pw%3A6969%2Fannounce&tr=udp%3A%2F%2Ftracker.coppersurfer.tk%3A6969&tr=udp%3A%2F%2Ftracker.opentrackr.org%3A1337%2Fannounce&tr=udp%3A%2F%2Ftorrent.gresille.org%3A80%2Fannounce&tr=udp%3A%2F%2F9.rarbg.me%3A2710%2Fannounce&tr=udp%3A%2F%2Fp4p.arenabg.com%3A1337&tr=udp%3A%2F%2Ftracker.internetwarriors.net%3A1337]]></torrent:magnetURI>
        <torrent:seeds>0</torrent:seeds>
        <torrent:peers>0</torrent:peers>
        <torrent:verified>0</torrent:verified>
        <torrent:fileName>Contraband.Seized.at.the.Border.S02E05.XviD-AFG[eztv.re].avi</torrent:fileName>
        <enclosure url="https://zoink.ch/torrent/Contraband.Seized.at.the.Border.S02E05.XviD-AFG[eztv.re].avi.torrent" length="613391118" type="application/x-bittorrent" />
    </item>
    <item>
        <title>Shortys Dream Shop S02E03 1080p WEB h264-DUHSCOVERY</title>
        <category>TV</category>
        <link>https://eztv.re/ep/2182974/shortys-dream-shop-s02e03-1080p-web-h264-duhscovery/</link>
        <guid>https://eztv.re/ep/2182974/shortys-dream-shop-s02e03-1080p-web-h264-duhscovery/</guid>
        <pubDate>Thu, 16 Nov 2023 04:43:38 +0100</pubDate>
        <torrent:contentLength>2497565363</torrent:contentLength>
        <torrent:infoHash>6685EB65EDCC3B0E96CFD58D6947BA95B35F972D</torrent:infoHash>
        <torrent:magnetURI><![CDATA[magnet:?xt=urn:btih:6685EB65EDCC3B0E96CFD58D6947BA95B35F972D&dn=Shortys.Dream.Shop.S02E03.1080p.WEB.h264-DUHSCOVERY%5Beztv.re%5D.mkv&tr=udp%3A%2F%2Fglotorrents.pw%3A6969%2Fannounce&tr=udp%3A%2F%2Ftracker.coppersurfer.tk%3A6969&tr=udp%3A%2F%2Ftracker.opentrackr.org%3A1337%2Fannounce&tr=udp%3A%2F%2Ftorrent.gresille.org%3A80%2Fannounce&tr=udp%3A%2F%2F9.rarbg.me%3A2710%2Fannounce&tr=udp%3A%2F%2Fp4p.arenabg.com%3A1337&tr=udp%3A%2F%2Ftracker.internetwarriors.net%3A1337]]></torrent:magnetURI>
        <torrent:seeds>0</torrent:seeds>
        <torrent:peers>0</torrent:peers>
        <torrent:verified>0</torrent:verified>
        <torrent:fileName>Shortys.Dream.Shop.S02E03.1080p.WEB.h264-DUHSCOVERY[eztv.re].mkv</torrent:fileName>
        <enclosure url="https://zoink.ch/torrent/Shortys.Dream.Shop.S02E03.1080p.WEB.h264-DUHSCOVERY[eztv.re].mkv.torrent" length="2497565363" type="application/x-bittorrent" />
    </item>
    <item>
        <title>The Daily Show 2023 11 14 Steve Kornacki XviD-AFG</title>
        <category>TV</category>
        <link>https://eztv.re/ep/2182973/the-daily-show-2023-11-14-steve-kornacki-xvid-afg/</link>
        <guid>https://eztv.re/ep/2182973/the-daily-show-2023-11-14-steve-kornacki-xvid-afg/</guid>
        <pubDate>Thu, 16 Nov 2023 04:42:16 +0100</pubDate>
        <torrent:contentLength>382578752</torrent:contentLength>
        <torrent:infoHash>3A7545B7D06DF8E3972A47157C601120850E32BF</torrent:infoHash>
        <torrent:magnetURI><![CDATA[magnet:?xt=urn:btih:3A7545B7D06DF8E3972A47157C601120850E32BF&dn=The.Daily.Show.2023.11.14.Steve.Kornacki.XviD-AFG%5Beztv.re%5D.avi&tr=udp%3A%2F%2Fglotorrents.pw%3A6969%2Fannounce&tr=udp%3A%2F%2Ftracker.coppersurfer.tk%3A6969&tr=udp%3A%2F%2Ftracker.opentrackr.org%3A1337%2Fannounce&tr=udp%3A%2F%2Ftorrent.gresille.org%3A80%2Fannounce&tr=udp%3A%2F%2F9.rarbg.me%3A2710%2Fannounce&tr=udp%3A%2F%2Fp4p.arenabg.com%3A1337&tr=udp%3A%2F%2Ftracker.internetwarriors.net%3A1337]]></torrent:magnetURI>
        <torrent:seeds>0</torrent:seeds>
        <torrent:peers>0</torrent:peers>
        <torrent:verified>0</torrent:verified>
        <torrent:fileName>The.Daily.Show.2023.11.14.Steve.Kornacki.XviD-AFG[eztv.re].avi</torrent:fileName>
        <enclosure url="https://zoink.ch/torrent/The.Daily.Show.2023.11.14.Steve.Kornacki.XviD-AFG[eztv.re].avi.torrent" length="382578752" type="application/x-bittorrent" />
    </item>
    <item>
        <title>Sister Wives S18E13 1080p HEVC x265-MeGusta</title>
        <category>TV</category>
        <link>https://eztv.re/ep/2182972/sister-wives-s18e13-1080p-hevc-x265-megusta/</link>
        <guid>https://eztv.re/ep/2182972/sister-wives-s18e13-1080p-hevc-x265-megusta/</guid>
        <pubDate>Thu, 16 Nov 2023 04:36:32 +0100</pubDate>
        <torrent:contentLength>658671250</torrent:contentLength>
        <torrent:infoHash>582F32BEDAE5BECAB81DF50596C53EA3CD6468EC</torrent:infoHash>
        <torrent:magnetURI><![CDATA[magnet:?xt=urn:btih:582F32BEDAE5BECAB81DF50596C53EA3CD6468EC&dn=Sister.Wives.S18E13.1080p.HEVC.x265-MeGusta%5Beztv.re%5D.mkv&tr=udp%3A%2F%2Fglotorrents.pw%3A6969%2Fannounce&tr=udp%3A%2F%2Ftracker.coppersurfer.tk%3A6969&tr=udp%3A%2F%2Ftracker.opentrackr.org%3A1337%2Fannounce&tr=udp%3A%2F%2Ftorrent.gresille.org%3A80%2Fannounce&tr=udp%3A%2F%2F9.rarbg.me%3A2710%2Fannounce&tr=udp%3A%2F%2Fp4p.arenabg.com%3A1337&tr=udp%3A%2F%2Ftracker.internetwarriors.net%3A1337]]></torrent:magnetURI>
        <torrent:seeds>0</torrent:seeds>
        <torrent:peers>0</torrent:peers>
        <torrent:verified>0</torrent:verified>
        <torrent:fileName>Sister.Wives.S18E13.1080p.HEVC.x265-MeGusta[eztv.re].mkv</torrent:fileName>
        <enclosure url="https://zoink.ch/torrent/Sister.Wives.S18E13.1080p.HEVC.x265-MeGusta[eztv.re].mkv.torrent" length="658671250" type="application/x-bittorrent" />
    </item>
    <item>
        <title>Scrublands S01E02 XviD-AFG</title>
        <category>TV</category>
        <link>https://eztv.re/ep/2182971/scrublands-s01e02-xvid-afg/</link>
        <guid>https://eztv.re/ep/2182971/scrublands-s01e02-xvid-afg/</guid>
        <pubDate>Thu, 16 Nov 2023 04:36:16 +0100</pubDate>
        <torrent:contentLength>420037446</torrent:contentLength>
        <torrent:infoHash>A41797D77A032230475CFB39A40E74B95E806E97</torrent:infoHash>
        <torrent:magnetURI><![CDATA[magnet:?xt=urn:btih:A41797D77A032230475CFB39A40E74B95E806E97&dn=Scrublands.S01E02.XviD-AFG%5Beztv.re%5D.avi&tr=udp%3A%2F%2Fglotorrents.pw%3A6969%2Fannounce&tr=udp%3A%2F%2Ftracker.coppersurfer.tk%3A6969&tr=udp%3A%2F%2Ftracker.opentrackr.org%3A1337%2Fannounce&tr=udp%3A%2F%2Ftorrent.gresille.org%3A80%2Fannounce&tr=udp%3A%2F%2F9.rarbg.me%3A2710%2Fannounce&tr=udp%3A%2F%2Fp4p.arenabg.com%3A1337&tr=udp%3A%2F%2Ftracker.internetwarriors.net%3A1337]]></torrent:magnetURI>
        <torrent:seeds>0</torrent:seeds>
        <torrent:peers>0</torrent:peers>
        <torrent:verified>0</torrent:verified>
        <torrent:fileName>Scrublands.S01E02.XviD-AFG[eztv.re].avi</torrent:fileName>
        <enclosure url="https://zoink.ch/torrent/Scrublands.S01E02.XviD-AFG[eztv.re].avi.torrent" length="420037446" type="application/x-bittorrent" />
    </item>
    <item>
        <title>FEDS 2023 S01E02 1080p WEB h264-EDITH</title>
        <category>TV</category>
        <link>https://eztv.re/ep/2182970/feds-2023-s01e02-1080p-web-h264-edith/</link>
        <guid>https://eztv.re/ep/2182970/feds-2023-s01e02-1080p-web-h264-edith/</guid>
        <pubDate>Thu, 16 Nov 2023 04:34:55 +0100</pubDate>
        <torrent:contentLength>3002901102</torrent:contentLength>
        <torrent:infoHash>C522E1E4F09A70039BF50E3EC3F6A2F626E8A345</torrent:infoHash>
        <torrent:magnetURI><![CDATA[magnet:?xt=urn:btih:C522E1E4F09A70039BF50E3EC3F6A2F626E8A345&dn=FEDS.2023.S01E02.1080p.WEB.h264-EDITH%5Beztv.re%5D.mkv&tr=udp%3A%2F%2Fglotorrents.pw%3A6969%2Fannounce&tr=udp%3A%2F%2Ftracker.coppersurfer.tk%3A6969&tr=udp%3A%2F%2Ftracker.opentrackr.org%3A1337%2Fannounce&tr=udp%3A%2F%2Ftorrent.gresille.org%3A80%2Fannounce&tr=udp%3A%2F%2F9.rarbg.me%3A2710%2Fannounce&tr=udp%3A%2F%2Fp4p.arenabg.com%3A1337&tr=udp%3A%2F%2Ftracker.internetwarriors.net%3A1337]]></torrent:magnetURI>
        <torrent:seeds>0</torrent:seeds>
        <torrent:peers>0</torrent:peers>
        <torrent:verified>0</torrent:verified>
        <torrent:fileName>FEDS.2023.S01E02.1080p.WEB.h264-EDITH[eztv.re].mkv</torrent:fileName>
        <enclosure url="https://zoink.ch/torrent/FEDS.2023.S01E02.1080p.WEB.h264-EDITH[eztv.re].mkv.torrent" length="3002901102" type="application/x-bittorrent" />
    </item>
    <item>
        <title>In with the Old S04E08 1080p WEB h264-EDITH</title>
        <category>TV</category>
        <link>https://eztv.re/ep/2182969/in-with-the-old-s04e08-1080p-web-h264-edith/</link>
        <guid>https://eztv.re/ep/2182969/in-with-the-old-s04e08-1080p-web-h264-edith/</guid>
        <pubDate>Thu, 16 Nov 2023 04:28:10 +0100</pubDate>
        <torrent:contentLength>3185324453</torrent:contentLength>
        <torrent:infoHash>5651E7B47EA5C3F24B974F36664EC79AB6D88A48</torrent:infoHash>
        <torrent:magnetURI><![CDATA[magnet:?xt=urn:btih:5651E7B47EA5C3F24B974F36664EC79AB6D88A48&dn=In.with.the.Old.S04E08.1080p.WEB.h264-EDITH%5Beztv.re%5D.mkv&tr=udp%3A%2F%2Fglotorrents.pw%3A6969%2Fannounce&tr=udp%3A%2F%2Ftracker.coppersurfer.tk%3A6969&tr=udp%3A%2F%2Ftracker.opentrackr.org%3A1337%2Fannounce&tr=udp%3A%2F%2Ftorrent.gresille.org%3A80%2Fannounce&tr=udp%3A%2F%2F9.rarbg.me%3A2710%2Fannounce&tr=udp%3A%2F%2Fp4p.arenabg.com%3A1337&tr=udp%3A%2F%2Ftracker.internetwarriors.net%3A1337]]></torrent:magnetURI>
        <torrent:seeds>0</torrent:seeds>
        <torrent:peers>0</torrent:peers>
        <torrent:verified>0</torrent:verified>
        <torrent:fileName>In.with.the.Old.S04E08.1080p.WEB.h264-EDITH[eztv.re].mkv</torrent:fileName>
        <enclosure url="https://zoink.ch/torrent/In.with.the.Old.S04E08.1080p.WEB.h264-EDITH[eztv.re].mkv.torrent" length="3185324453" type="application/x-bittorrent" />
    </item>
    <item>
        <title>Fixer Upper The Hotel S01E02 1080p WEB h264-EDITH</title>
        <category>TV</category>
        <link>https://eztv.re/ep/2182968/fixer-upper-the-hotel-s01e02-1080p-web-h264-edith/</link>
        <guid>https://eztv.re/ep/2182968/fixer-upper-the-hotel-s01e02-1080p-web-h264-edith/</guid>
        <pubDate>Thu, 16 Nov 2023 04:27:59 +0100</pubDate>
        <torrent:contentLength>1635500808</torrent:contentLength>
        <torrent:infoHash>9F6863FFF85BFB79EB95DE38849A615424933BA6</torrent:infoHash>
        <torrent:magnetURI><![CDATA[magnet:?xt=urn:btih:9F6863FFF85BFB79EB95DE38849A615424933BA6&dn=Fixer.Upper.The.Hotel.S01E02.1080p.WEB.h264-EDITH%5Beztv.re%5D.mkv&tr=udp%3A%2F%2Fglotorrents.pw%3A6969%2Fannounce&tr=udp%3A%2F%2Ftracker.coppersurfer.tk%3A6969&tr=udp%3A%2F%2Ftracker.opentrackr.org%3A1337%2Fannounce&tr=udp%3A%2F%2Ftorrent.gresille.org%3A80%2Fannounce&tr=udp%3A%2F%2F9.rarbg.me%3A2710%2Fannounce&tr=udp%3A%2F%2Fp4p.arenabg.com%3A1337&tr=udp%3A%2F%2Ftracker.internetwarriors.net%3A1337]]></torrent:magnetURI>
        <torrent:seeds>0</torrent:seeds>
        <torrent:peers>0</torrent:peers>
        <torrent:verified>0</torrent:verified>
        <torrent:fileName>Fixer.Upper.The.Hotel.S01E02.1080p.WEB.h264-EDITH[eztv.re].mkv</torrent:fileName>
        <enclosure url="https://zoink.ch/torrent/Fixer.Upper.The.Hotel.S01E02.1080p.WEB.h264-EDITH[eztv.re].mkv.torrent" length="1635500808" type="application/x-bittorrent" />
    </item>
    <item>
        <title>Artfully Designed S02E02 1080p WEB h264-EDITH</title>
        <category>TV</category>
        <link>https://eztv.re/ep/2182967/artfully-designed-s02e02-1080p-web-h264-edith/</link>
        <guid>https://eztv.re/ep/2182967/artfully-designed-s02e02-1080p-web-h264-edith/</guid>
        <pubDate>Thu, 16 Nov 2023 04:24:49 +0100</pubDate>
        <torrent:contentLength>1684189535</torrent:contentLength>
        <torrent:infoHash>A2F0867EE8DDC15BE45AD197684E208AB637C382</torrent:infoHash>
        <torrent:magnetURI><![CDATA[magnet:?xt=urn:btih:A2F0867EE8DDC15BE45AD197684E208AB637C382&dn=Artfully.Designed.S02E02.1080p.WEB.h264-EDITH%5Beztv.re%5D.mkv&tr=udp%3A%2F%2Fglotorrents.pw%3A6969%2Fannounce&tr=udp%3A%2F%2Ftracker.coppersurfer.tk%3A6969&tr=udp%3A%2F%2Ftracker.opentrackr.org%3A1337%2Fannounce&tr=udp%3A%2F%2Ftorrent.gresille.org%3A80%2Fannounce&tr=udp%3A%2F%2F9.rarbg.me%3A2710%2Fannounce&tr=udp%3A%2F%2Fp4p.arenabg.com%3A1337&tr=udp%3A%2F%2Ftracker.internetwarriors.net%3A1337]]></torrent:magnetURI>
        <torrent:seeds>0</torrent:seeds>
        <torrent:peers>0</torrent:peers>
        <torrent:verified>0</torrent:verified>
        <torrent:fileName>Artfully.Designed.S02E02.1080p.WEB.h264-EDITH[eztv.re].mkv</torrent:fileName>
        <enclosure url="https://zoink.ch/torrent/Artfully.Designed.S02E02.1080p.WEB.h264-EDITH[eztv.re].mkv.torrent" length="1684189535" type="application/x-bittorrent" />
    </item>
    <item>
        <title>Nature S42E05 Deep Trouble Spy in the Ocean 480p x264-mSD</title>
        <category>TV</category>
        <link>https://eztv.re/ep/2182966/nature-s42e05-deep-trouble-spy-in-the-ocean-480p-x264-msd/</link>
        <guid>https://eztv.re/ep/2182966/nature-s42e05-deep-trouble-spy-in-the-ocean-480p-x264-msd/</guid>
        <pubDate>Thu, 16 Nov 2023 04:21:21 +0100</pubDate>
        <torrent:contentLength>445555158</torrent:contentLength>
        <torrent:infoHash>60C157CC38AF7AF8E46B76A40805213A7ED778B6</torrent:infoHash>
        <torrent:magnetURI><![CDATA[magnet:?xt=urn:btih:60C157CC38AF7AF8E46B76A40805213A7ED778B6&dn=Nature.S42E05.Deep.Trouble.Spy.in.the.Ocean.480p.x264-mSD%5Beztv.re%5D.mkv&tr=udp%3A%2F%2Fglotorrents.pw%3A6969%2Fannounce&tr=udp%3A%2F%2Ftracker.coppersurfer.tk%3A6969&tr=udp%3A%2F%2Ftracker.opentrackr.org%3A1337%2Fannounce&tr=udp%3A%2F%2Ftorrent.gresille.org%3A80%2Fannounce&tr=udp%3A%2F%2F9.rarbg.me%3A2710%2Fannounce&tr=udp%3A%2F%2Fp4p.arenabg.com%3A1337&tr=udp%3A%2F%2Ftracker.internetwarriors.net%3A1337]]></torrent:magnetURI>
        <torrent:seeds>0</torrent:seeds>
        <torrent:peers>0</torrent:peers>
        <torrent:verified>0</torrent:verified>
        <torrent:fileName>Nature.S42E05.Deep.Trouble.Spy.in.the.Ocean.480p.x264-mSD[eztv.re].mkv</torrent:fileName>
        <enclosure url="https://zoink.ch/torrent/Nature.S42E05.Deep.Trouble.Spy.in.the.Ocean.480p.x264-mSD[eztv.re].mkv.torrent" length="445555158" type="application/x-bittorrent" />
    </item>
    <item>
        <title>Scrublands S01E04 XviD-AFG</title>
        <category>TV</category>
        <link>https://eztv.re/ep/2182965/scrublands-s01e04-xvid-afg/</link>
        <guid>https://eztv.re/ep/2182965/scrublands-s01e04-xvid-afg/</guid>
        <pubDate>Thu, 16 Nov 2023 04:21:16 +0100</pubDate>
        <torrent:contentLength>429922724</torrent:contentLength>
        <torrent:infoHash>AE5C249324ABC38691E7A43452E01C3F8A27C4BF</torrent:infoHash>
        <torrent:magnetURI><![CDATA[magnet:?xt=urn:btih:AE5C249324ABC38691E7A43452E01C3F8A27C4BF&dn=Scrublands.S01E04.XviD-AFG%5Beztv.re%5D.avi&tr=udp%3A%2F%2Fglotorrents.pw%3A6969%2Fannounce&tr=udp%3A%2F%2Ftracker.coppersurfer.tk%3A6969&tr=udp%3A%2F%2Ftracker.opentrackr.org%3A1337%2Fannounce&tr=udp%3A%2F%2Ftorrent.gresille.org%3A80%2Fannounce&tr=udp%3A%2F%2F9.rarbg.me%3A2710%2Fannounce&tr=udp%3A%2F%2Fp4p.arenabg.com%3A1337&tr=udp%3A%2F%2Ftracker.internetwarriors.net%3A1337]]></torrent:magnetURI>
        <torrent:seeds>0</torrent:seeds>
        <torrent:peers>0</torrent:peers>
        <torrent:verified>0</torrent:verified>
        <torrent:fileName>Scrublands.S01E04.XviD-AFG[eztv.re].avi</torrent:fileName>
        <enclosure url="https://zoink.ch/torrent/Scrublands.S01E04.XviD-AFG[eztv.re].avi.torrent" length="429922724" type="application/x-bittorrent" />
    </item>
    <item>
        <title>Dancing With The Stars US S32E08 XviD-AFG</title>
        <category>TV</category>
        <link>https://eztv.re/ep/2182964/dancing-with-the-stars-us-s32e08-xvid-afg/</link>
        <guid>https://eztv.re/ep/2182964/dancing-with-the-stars-us-s32e08-xvid-afg/</guid>
        <pubDate>Thu, 16 Nov 2023 04:19:14 +0100</pubDate>
        <torrent:contentLength>2541889630</torrent:contentLength>
        <torrent:infoHash>7C6BCB2341427545398106EE1F49FA9A4CAAB6E2</torrent:infoHash>
        <torrent:magnetURI><![CDATA[magnet:?xt=urn:btih:7C6BCB2341427545398106EE1F49FA9A4CAAB6E2&dn=Dancing.With.The.Stars.US.S32E08.XviD-AFG%5Beztv.re%5D.avi&tr=udp%3A%2F%2Fglotorrents.pw%3A6969%2Fannounce&tr=udp%3A%2F%2Ftracker.coppersurfer.tk%3A6969&tr=udp%3A%2F%2Ftracker.opentrackr.org%3A1337%2Fannounce&tr=udp%3A%2F%2Ftorrent.gresille.org%3A80%2Fannounce&tr=udp%3A%2F%2F9.rarbg.me%3A2710%2Fannounce&tr=udp%3A%2F%2Fp4p.arenabg.com%3A1337&tr=udp%3A%2F%2Ftracker.internetwarriors.net%3A1337]]></torrent:magnetURI>
        <torrent:seeds>0</torrent:seeds>
        <torrent:peers>0</torrent:peers>
        <torrent:verified>0</torrent:verified>
        <torrent:fileName>Dancing.With.The.Stars.US.S32E08.XviD-AFG[eztv.re].avi</torrent:fileName>
        <enclosure url="https://zoink.ch/torrent/Dancing.With.The.Stars.US.S32E08.XviD-AFG[eztv.re].avi.torrent" length="2541889630" type="application/x-bittorrent" />
    </item>
    <item>
        <title>Roadworthy Rescues S02E09 1080p WEB h264-DUHSCOVERY</title>
        <category>TV</category>
        <link>https://eztv.re/ep/2182963/roadworthy-rescues-s02e09-1080p-web-h264-duhscovery/</link>
        <guid>https://eztv.re/ep/2182963/roadworthy-rescues-s02e09-1080p-web-h264-duhscovery/</guid>
        <pubDate>Thu, 16 Nov 2023 04:18:58 +0100</pubDate>
        <torrent:contentLength>1991548039</torrent:contentLength>
        <torrent:infoHash>B7B9CB776382613D2976CCC7BA36FE6DAFC27FDB</torrent:infoHash>
        <torrent:magnetURI><![CDATA[magnet:?xt=urn:btih:B7B9CB776382613D2976CCC7BA36FE6DAFC27FDB&dn=Roadworthy.Rescues.S02E09.1080p.WEB.h264-DUHSCOVERY%5Beztv.re%5D.mkv&tr=udp%3A%2F%2Fglotorrents.pw%3A6969%2Fannounce&tr=udp%3A%2F%2Ftracker.coppersurfer.tk%3A6969&tr=udp%3A%2F%2Ftracker.opentrackr.org%3A1337%2Fannounce&tr=udp%3A%2F%2Ftorrent.gresille.org%3A80%2Fannounce&tr=udp%3A%2F%2F9.rarbg.me%3A2710%2Fannounce&tr=udp%3A%2F%2Fp4p.arenabg.com%3A1337&tr=udp%3A%2F%2Ftracker.internetwarriors.net%3A1337]]></torrent:magnetURI>
        <torrent:seeds>0</torrent:seeds>
        <torrent:peers>0</torrent:peers>
        <torrent:verified>0</torrent:verified>
        <torrent:fileName>Roadworthy.Rescues.S02E09.1080p.WEB.h264-DUHSCOVERY[eztv.re].mkv</torrent:fileName>
        <enclosure url="https://zoink.ch/torrent/Roadworthy.Rescues.S02E09.1080p.WEB.h264-DUHSCOVERY[eztv.re].mkv.torrent" length="1991548039" type="application/x-bittorrent" />
    </item>
    <item>
        <title>High Stakes Poker S11E13 XviD-AFG</title>
        <category>TV</category>
        <link>https://eztv.re/ep/2182962/high-stakes-poker-s11e13-xvid-afg/</link>
        <guid>https://eztv.re/ep/2182962/high-stakes-poker-s11e13-xvid-afg/</guid>
        <pubDate>Thu, 16 Nov 2023 04:18:23 +0100</pubDate>
        <torrent:contentLength>877697740</torrent:contentLength>
        <torrent:infoHash>9131FA1343B991AD0425AC408112CD4A867250E1</torrent:infoHash>
        <torrent:magnetURI><![CDATA[magnet:?xt=urn:btih:9131FA1343B991AD0425AC408112CD4A867250E1&dn=High.Stakes.Poker.S11E13.XviD-AFG%5Beztv.re%5D.avi&tr=udp%3A%2F%2Fglotorrents.pw%3A6969%2Fannounce&tr=udp%3A%2F%2Ftracker.coppersurfer.tk%3A6969&tr=udp%3A%2F%2Ftracker.opentrackr.org%3A1337%2Fannounce&tr=udp%3A%2F%2Ftorrent.gresille.org%3A80%2Fannounce&tr=udp%3A%2F%2F9.rarbg.me%3A2710%2Fannounce&tr=udp%3A%2F%2Fp4p.arenabg.com%3A1337&tr=udp%3A%2F%2Ftracker.internetwarriors.net%3A1337]]></torrent:magnetURI>
        <torrent:seeds>0</torrent:seeds>
        <torrent:peers>0</torrent:peers>
        <torrent:verified>0</torrent:verified>
        <torrent:fileName>High.Stakes.Poker.S11E13.XviD-AFG[eztv.re].avi</torrent:fileName>
        <enclosure url="https://zoink.ch/torrent/High.Stakes.Poker.S11E13.XviD-AFG[eztv.re].avi.torrent" length="877697740" type="application/x-bittorrent" />
    </item>
    <item>
        <title>Expedition Unknown S13E01 1080p WEB h264-DUHSCOVERY</title>
        <category>TV</category>
        <link>https://eztv.re/ep/2182961/expedition-unknown-s13e01-1080p-web-h264-duhscovery/</link>
        <guid>https://eztv.re/ep/2182961/expedition-unknown-s13e01-1080p-web-h264-duhscovery/</guid>
        <pubDate>Thu, 16 Nov 2023 04:18:11 +0100</pubDate>
        <torrent:contentLength>3620398142</torrent:contentLength>
        <torrent:infoHash>61028FC509FD35B80EE0B07D0F4928E0D2948C1E</torrent:infoHash>
        <torrent:magnetURI><![CDATA[magnet:?xt=urn:btih:61028FC509FD35B80EE0B07D0F4928E0D2948C1E&dn=Expedition.Unknown.S13E01.1080p.WEB.h264-DUHSCOVERY%5Beztv.re%5D.mkv&tr=udp%3A%2F%2Fglotorrents.pw%3A6969%2Fannounce&tr=udp%3A%2F%2Ftracker.coppersurfer.tk%3A6969&tr=udp%3A%2F%2Ftracker.opentrackr.org%3A1337%2Fannounce&tr=udp%3A%2F%2Ftorrent.gresille.org%3A80%2Fannounce&tr=udp%3A%2F%2F9.rarbg.me%3A2710%2Fannounce&tr=udp%3A%2F%2Fp4p.arenabg.com%3A1337&tr=udp%3A%2F%2Ftracker.internetwarriors.net%3A1337]]></torrent:magnetURI>
        <torrent:seeds>0</torrent:seeds>
        <torrent:peers>0</torrent:peers>
        <torrent:verified>0</torrent:verified>
        <torrent:fileName>Expedition.Unknown.S13E01.1080p.WEB.h264-DUHSCOVERY[eztv.re].mkv</torrent:fileName>
        <enclosure url="https://zoink.ch/torrent/Expedition.Unknown.S13E01.1080p.WEB.h264-DUHSCOVERY[eztv.re].mkv.torrent" length="3620398142" type="application/x-bittorrent" />
    </item>
    <item>
        <title>Engineering Catastrophes S07E05 1080p WEB h264-DUHSCOVERY</title>
        <category>TV</category>
        <link>https://eztv.re/ep/2182960/engineering-catastrophes-s07e05-1080p-web-h264-duhscovery/</link>
        <guid>https://eztv.re/ep/2182960/engineering-catastrophes-s07e05-1080p-web-h264-duhscovery/</guid>
        <pubDate>Thu, 16 Nov 2023 04:13:03 +0100</pubDate>
        <torrent:contentLength>2833034453</torrent:contentLength>
        <torrent:infoHash>CB934F52DCC2720860187075008904D5F36E244D</torrent:infoHash>
        <torrent:magnetURI><![CDATA[magnet:?xt=urn:btih:CB934F52DCC2720860187075008904D5F36E244D&dn=Engineering.Catastrophes.S07E05.1080p.WEB.h264-DUHSCOVERY%5Beztv.re%5D.mkv&tr=udp%3A%2F%2Fglotorrents.pw%3A6969%2Fannounce&tr=udp%3A%2F%2Ftracker.coppersurfer.tk%3A6969&tr=udp%3A%2F%2Ftracker.opentrackr.org%3A1337%2Fannounce&tr=udp%3A%2F%2Ftorrent.gresille.org%3A80%2Fannounce&tr=udp%3A%2F%2F9.rarbg.me%3A2710%2Fannounce&tr=udp%3A%2F%2Fp4p.arenabg.com%3A1337&tr=udp%3A%2F%2Ftracker.internetwarriors.net%3A1337]]></torrent:magnetURI>
        <torrent:seeds>0</torrent:seeds>
        <torrent:peers>0</torrent:peers>
        <torrent:verified>0</torrent:verified>
        <torrent:fileName>Engineering.Catastrophes.S07E05.1080p.WEB.h264-DUHSCOVERY[eztv.re].mkv</torrent:fileName>
        <enclosure url="https://zoink.ch/torrent/Engineering.Catastrophes.S07E05.1080p.WEB.h264-DUHSCOVERY[eztv.re].mkv.torrent" length="2833034453" type="application/x-bittorrent" />
    </item>
    <item>
        <title>Nature S42E05 Deep Trouble Spy in the Ocean 720p HEVC x265-MeGusta</title>
        <category>TV</category>
        <link>https://eztv.re/ep/2182959/nature-s42e05-deep-trouble-spy-in-the-ocean-720p-hevc-x265-megusta/</link>
        <guid>https://eztv.re/ep/2182959/nature-s42e05-deep-trouble-spy-in-the-ocean-720p-hevc-x265-megusta/</guid>
        <pubDate>Thu, 16 Nov 2023 04:12:21 +0100</pubDate>
        <torrent:contentLength>777130973</torrent:contentLength>
        <torrent:infoHash>38932AE526D707178A6AD4738D3E0CE1E859605B</torrent:infoHash>
        <torrent:magnetURI><![CDATA[magnet:?xt=urn:btih:38932AE526D707178A6AD4738D3E0CE1E859605B&dn=Nature.S42E05.Deep.Trouble.Spy.in.the.Ocean.720p.HEVC.x265-MeGusta%5Beztv.re%5D.mkv&tr=udp%3A%2F%2Fglotorrents.pw%3A6969%2Fannounce&tr=udp%3A%2F%2Ftracker.coppersurfer.tk%3A6969&tr=udp%3A%2F%2Ftracker.opentrackr.org%3A1337%2Fannounce&tr=udp%3A%2F%2Ftorrent.gresille.org%3A80%2Fannounce&tr=udp%3A%2F%2F9.rarbg.me%3A2710%2Fannounce&tr=udp%3A%2F%2Fp4p.arenabg.com%3A1337&tr=udp%3A%2F%2Ftracker.internetwarriors.net%3A1337]]></torrent:magnetURI>
        <torrent:seeds>0</torrent:seeds>
        <torrent:peers>0</torrent:peers>
        <torrent:verified>0</torrent:verified>
        <torrent:fileName>Nature.S42E05.Deep.Trouble.Spy.in.the.Ocean.720p.HEVC.x265-MeGusta[eztv.re].mkv</torrent:fileName>
        <enclosure url="https://zoink.ch/torrent/Nature.S42E05.Deep.Trouble.Spy.in.the.Ocean.720p.HEVC.x265-MeGusta[eztv.re].mkv.torrent" length="777130973" type="application/x-bittorrent" />
    </item>
    </channel>
</rss>