<rss xmlns:atom="http://www.w3.org/2005/Atom" xmlns:nyaa="https://nyaa.si/xmlns/nyaa" version="2.0">
	<channel>
		<title>Test RSS 1</title>
		<description>RSS Feed for Home</description>
		<link>https://nyaa.si/</link>
		<atom:link href="https://nyaa.si/?page=rss" rel="self" type="application/rss+xml" />
		<item>
			<title>[YuiSubs] Dragon Quest - Dai no Daibouken (2020) - 59  (NVENC H.265 1080p)</title>
				<link>https://nyaa.si/download/1460617.torrent</link>
				<guid isPermaLink="true">https://nyaa.si/view/1460617</guid>
				<pubDate>Sat, 27 Nov 2021 02:09:20 -0000</pubDate>

				<nyaa:seeders>12</nyaa:seeders>
				<nyaa:leechers>24</nyaa:leechers>
				<nyaa:downloads>11</nyaa:downloads>
				<nyaa:infoHash>98917badf8fa97f4ca17d57a849e1caf562751fa</nyaa:infoHash>
			<nyaa:categoryId>1_2</nyaa:categoryId>
			<nyaa:category>Anime - English-translated</nyaa:category>
			<nyaa:size>445.4 MiB</nyaa:size>
			<nyaa:comments>0</nyaa:comments>
			<nyaa:trusted>No</nyaa:trusted>
			<nyaa:remake>Yes</nyaa:remake>
			<description><![CDATA[<a href="https://nyaa.si/view/1460617">#1460617 | [YuiSubs] Dragon Quest - Dai no Daibouken (2020) - 59  (NVENC H.265 1080p)</a> | 445.4 MiB | Anime - English-translated | 98917BADF8FA97F4CA17D57A849E1CAF562751FA]]></description>
		</item>
		<item>
			<title>[BDMV] Shin Tetsujin 28-gou (1980)</title>
				<link>https://nyaa.si/download/1460616.torrent</link>
				<guid isPermaLink="true">https://nyaa.si/view/1460616</guid>
				<pubDate>Sat, 27 Nov 2021 02:09:18 -0000</pubDate>

				<nyaa:seeders>1</nyaa:seeders>
				<nyaa:leechers>8</nyaa:leechers>
				<nyaa:downloads>0</nyaa:downloads>
				<nyaa:infoHash>0ab2286808100340eaa4a76c7b387fd3daf06abd</nyaa:infoHash>
			<nyaa:categoryId>1_2</nyaa:categoryId>
			<nyaa:category>Anime - English-translated</nyaa:category>
			<nyaa:size>153.0 GiB</nyaa:size>
			<nyaa:comments>0</nyaa:comments>
			<nyaa:trusted>No</nyaa:trusted>
			<nyaa:remake>No</nyaa:remake>
			<description><![CDATA[<a href="https://nyaa.si/view/1460616">#1460616 | [BDMV] Shin Tetsujin 28-gou (1980)</a> | 153.0 GiB | Anime - English-translated | 0AB2286808100340EAA4A76C7B387FD3DAF06ABD]]></description>
		</item>
		<item>
			<title>[BDMV] Toushou Daimos (Fighting General Daimos)</title>
				<link>https://nyaa.si/download/1460615.torrent</link>
				<guid isPermaLink="true">https://nyaa.si/view/1460615</guid>
				<pubDate>Sat, 27 Nov 2021 02:08:20 -0000</pubDate>

				<nyaa:seeders>1</nyaa:seeders>
				<nyaa:leechers>6</nyaa:leechers>
				<nyaa:downloads>0</nyaa:downloads>
				<nyaa:infoHash>302981bd95307144faef53171a0cf5e116f2bae3</nyaa:infoHash>
			<nyaa:categoryId>1_2</nyaa:categoryId>
			<nyaa:category>Anime - English-translated</nyaa:category>
			<nyaa:size>36.1 GiB</nyaa:size>
			<nyaa:comments>0</nyaa:comments>
			<nyaa:trusted>No</nyaa:trusted>
			<nyaa:remake>No</nyaa:remake>
			<description><![CDATA[<a href="https://nyaa.si/view/1460615">#1460615 | [BDMV] Toushou Daimos (Fighting General Daimos)</a> | 36.1 GiB | Anime - English-translated | 302981BD95307144FAEF53171A0CF5E116F2BAE3]]></description>
		</item>
		<item>
			<title>[BDMV] God Mazinger</title>
				<link>https://nyaa.si/download/1460614.torrent</link>
				<guid isPermaLink="true">https://nyaa.si/view/1460614</guid>
				<pubDate>Sat, 27 Nov 2021 02:07:28 -0000</pubDate>

				<nyaa:seeders>1</nyaa:seeders>
				<nyaa:leechers>10</nyaa:leechers>
				<nyaa:downloads>0</nyaa:downloads>
				<nyaa:infoHash>e2da51c8a095b9418175f3415377eb3347c8ecaf</nyaa:infoHash>
			<nyaa:categoryId>1_2</nyaa:categoryId>
			<nyaa:category>Anime - English-translated</nyaa:category>
			<nyaa:size>20.6 GiB</nyaa:size>
			<nyaa:comments>0</nyaa:comments>
			<nyaa:trusted>No</nyaa:trusted>
			<nyaa:remake>No</nyaa:remake>
			<description><![CDATA[<a href="https://nyaa.si/view/1460614">#1460614 | [BDMV] God Mazinger</a> | 20.6 GiB | Anime - English-translated | E2DA51C8A095B9418175F3415377EB3347C8ECAF]]></description>
		</item>
		<item>
			<title>[SubsPlease] Dragon Quest - Dai no Daibouken (2020) - 59 (1080p) [F3137D1C].mkv</title>
				<link>https://nyaa.si/download/1460612.torrent</link>
				<guid isPermaLink="true">https://nyaa.si/view/1460612</guid>
				<pubDate>Sat, 27 Nov 2021 02:01:36 -0000</pubDate>

				<nyaa:seeders>363</nyaa:seeders>
				<nyaa:leechers>194</nyaa:leechers>
				<nyaa:downloads>275</nyaa:downloads>
				<nyaa:infoHash>6a44d64064f31dfbc2e32eabb790515e95b82992</nyaa:infoHash>
			<nyaa:categoryId>1_2</nyaa:categoryId>
			<nyaa:category>Anime - English-translated</nyaa:category>
			<nyaa:size>1.4 GiB</nyaa:size>
			<nyaa:comments>0</nyaa:comments>
			<nyaa:trusted>Yes</nyaa:trusted>
			<nyaa:remake>No</nyaa:remake>
			<description><![CDATA[<a href="https://nyaa.si/view/1460612">#1460612 | [SubsPlease] Dragon Quest - Dai no Daibouken (2020) - 59 (1080p) [F3137D1C].mkv</a> | 1.4 GiB | Anime - English-translated | 6A44D64064F31DFBC2E32EABB790515E95B82992]]></description>
		</item>
		<item>
			<title>[SubsPlease] Dragon Quest - Dai no Daibouken (2020) - 59 (720p) [3ADC4C47].mkv</title>
				<link>https://nyaa.si/download/1460611.torrent</link>
				<guid isPermaLink="true">https://nyaa.si/view/1460611</guid>
				<pubDate>Sat, 27 Nov 2021 02:01:09 -0000</pubDate>

				<nyaa:seeders>182</nyaa:seeders>
				<nyaa:leechers>128</nyaa:leechers>
				<nyaa:downloads>165</nyaa:downloads>
				<nyaa:infoHash>84a86a3ab94e98d05ba828b0e255d67184133674</nyaa:infoHash>
			<nyaa:categoryId>1_2</nyaa:categoryId>
			<nyaa:category>Anime - English-translated</nyaa:category>
			<nyaa:size>715.1 MiB</nyaa:size>
			<nyaa:comments>0</nyaa:comments>
			<nyaa:trusted>Yes</nyaa:trusted>
			<nyaa:remake>No</nyaa:remake>
			<description><![CDATA[<a href="https://nyaa.si/view/1460611">#1460611 | [SubsPlease] Dragon Quest - Dai no Daibouken (2020) - 59 (720p) [3ADC4C47].mkv</a> | 715.1 MiB | Anime - English-translated | 84A86A3AB94E98D05BA828B0E255D67184133674]]></description>
		</item>
		<item>
			<title>[Erai-raws] Dragon Quest - Dai no Daibouken (2020) - 59 [1080p][Multiple Subtitle][EE06CF7C].mkv</title>
				<link>https://nyaa.si/download/1460610.torrent</link>
				<guid isPermaLink="true">https://nyaa.si/view/1460610</guid>
				<pubDate>Sat, 27 Nov 2021 02:00:59 -0000</pubDate>

				<nyaa:seeders>122</nyaa:seeders>
				<nyaa:leechers>80</nyaa:leechers>
				<nyaa:downloads>90</nyaa:downloads>
				<nyaa:infoHash>2668a42881eba42a6d6d8a81fd3d99e93675e5d5</nyaa:infoHash>
			<nyaa:categoryId>1_2</nyaa:categoryId>
			<nyaa:category>Anime - English-translated</nyaa:category>
			<nyaa:size>1.4 GiB</nyaa:size>
			<nyaa:comments>0</nyaa:comments>
			<nyaa:trusted>Yes</nyaa:trusted>
			<nyaa:remake>No</nyaa:remake>
			<description><![CDATA[<a href="https://nyaa.si/view/1460610">#1460610 | [Erai-raws] Dragon Quest - Dai no Daibouken (2020) - 59 [1080p][Multiple Subtitle][EE06CF7C].mkv</a> | 1.4 GiB | Anime - English-translated | 2668A42881EBA42A6D6D8A81FD3D99E93675E5D5]]></description>
		</item>
		<item>
			<title>[SubsPlease] Dragon Quest - Dai no Daibouken (2020) - 59 (480p) [22283256].mkv</title>
				<link>https://nyaa.si/download/1460609.torrent</link>
				<guid isPermaLink="true">https://nyaa.si/view/1460609</guid>
				<pubDate>Sat, 27 Nov 2021 02:00:58 -0000</pubDate>

				<nyaa:seeders>49</nyaa:seeders>
				<nyaa:leechers>35</nyaa:leechers>
				<nyaa:downloads>50</nyaa:downloads>
				<nyaa:infoHash>6588e62c89cdc3994613e89a84da5a04a0863d72</nyaa:infoHash>
			<nyaa:categoryId>1_2</nyaa:categoryId>
			<nyaa:category>Anime - English-translated</nyaa:category>
			<nyaa:size>365.9 MiB</nyaa:size>
			<nyaa:comments>0</nyaa:comments>
			<nyaa:trusted>Yes</nyaa:trusted>
			<nyaa:remake>No</nyaa:remake>
			<description><![CDATA[<a href="https://nyaa.si/view/1460609">#1460609 | [SubsPlease] Dragon Quest - Dai no Daibouken (2020) - 59 (480p) [22283256].mkv</a> | 365.9 MiB | Anime - English-translated | 6588E62C89CDC3994613E89A84DA5A04A0863D72]]></description>
		</item>
		<item>
			<title>[Erai-raws] Dragon Quest - Dai no Daibouken (2020) - 59 [720p][Multiple Subtitle][2B995A1B].mkv</title>
				<link>https://nyaa.si/download/1460607.torrent</link>
				<guid isPermaLink="true">https://nyaa.si/view/1460607</guid>
				<pubDate>Sat, 27 Nov 2021 02:00:46 -0000</pubDate>

				<nyaa:seeders>95</nyaa:seeders>
				<nyaa:leechers>40</nyaa:leechers>
				<nyaa:downloads>85</nyaa:downloads>
				<nyaa:infoHash>4ca6d9a3d544d05c1d49f7346abd2a8d82d6f265</nyaa:infoHash>
			<nyaa:categoryId>1_2</nyaa:categoryId>
			<nyaa:category>Anime - English-translated</nyaa:category>
			<nyaa:size>716.7 MiB</nyaa:size>
			<nyaa:comments>0</nyaa:comments>
			<nyaa:trusted>Yes</nyaa:trusted>
			<nyaa:remake>No</nyaa:remake>
			<description><![CDATA[<a href="https://nyaa.si/view/1460607">#1460607 | [Erai-raws] Dragon Quest - Dai no Daibouken (2020) - 59 [720p][Multiple Subtitle][2B995A1B].mkv</a> | 716.7 MiB | Anime - English-translated | 4CA6D9A3D544D05C1D49F7346ABD2A8D82D6F265]]></description>
		</item>
		<item>
			<title>[Erai-raws] Dragon Quest - Dai no Daibouken (2020) - 59 [480p][Multiple Subtitle][3809CF73].mkv</title>
				<link>https://nyaa.si/download/1460606.torrent</link>
				<guid isPermaLink="true">https://nyaa.si/view/1460606</guid>
				<pubDate>Sat, 27 Nov 2021 02:00:45 -0000</pubDate>

				<nyaa:seeders>39</nyaa:seeders>
				<nyaa:leechers>12</nyaa:leechers>
				<nyaa:downloads>24</nyaa:downloads>
				<nyaa:infoHash>a289acf420455ca9ade203679ae61c11bd142a0f</nyaa:infoHash>
			<nyaa:categoryId>1_2</nyaa:categoryId>
			<nyaa:category>Anime - English-translated</nyaa:category>
			<nyaa:size>367.5 MiB</nyaa:size>
			<nyaa:comments>0</nyaa:comments>
			<nyaa:trusted>Yes</nyaa:trusted>
			<nyaa:remake>No</nyaa:remake>
			<description><![CDATA[<a href="https://nyaa.si/view/1460606">#1460606 | [Erai-raws] Dragon Quest - Dai no Daibouken (2020) - 59 [480p][Multiple Subtitle][3809CF73].mkv</a> | 367.5 MiB | Anime - English-translated | A289ACF420455CA9ADE203679AE61C11BD142A0F]]></description>
		</item>
		<item>
			<title>[EMBER] Taishou Otome Otogibanashi S01E08 [1080p] [HEVC WEBRip] (Taisho Otome Fairy Tale)</title>
				<link>https://nyaa.si/download/1460604.torrent</link>
				<guid isPermaLink="true">https://nyaa.si/view/1460604</guid>
				<pubDate>Sat, 27 Nov 2021 01:25:51 -0000</pubDate>

				<nyaa:seeders>32</nyaa:seeders>
				<nyaa:leechers>6</nyaa:leechers>
				<nyaa:downloads>35</nyaa:downloads>
				<nyaa:infoHash>4ef5ce9482fc850ccc72ed85b773198a538395fe</nyaa:infoHash>
			<nyaa:categoryId>1_2</nyaa:categoryId>
			<nyaa:category>Anime - English-translated</nyaa:category>
			<nyaa:size>295.7 MiB</nyaa:size>
			<nyaa:comments>0</nyaa:comments>
			<nyaa:trusted>No</nyaa:trusted>
			<nyaa:remake>Yes</nyaa:remake>
			<description><![CDATA[<a href="https://nyaa.si/view/1460604">#1460604 | [EMBER] Taishou Otome Otogibanashi S01E08 [1080p] [HEVC WEBRip] (Taisho Otome Fairy Tale)</a> | 295.7 MiB | Anime - English-translated | 4EF5CE9482FC850CCC72ED85B773198A538395FE]]></description>
		</item>
		<item>
			<title>[Fansubber] [2000] Angel Sanctuary - Dub[EN,ES,IT,FR,DE,JP] - Sub[EN,ES,IT,FR,DE,RU]</title>
				<link>https://nyaa.si/download/1460597.torrent</link>
				<guid isPermaLink="true">https://nyaa.si/view/1460597</guid>
				<pubDate>Sat, 27 Nov 2021 00:09:41 -0000</pubDate>

				<nyaa:seeders>10</nyaa:seeders>
				<nyaa:leechers>6</nyaa:leechers>
				<nyaa:downloads>12</nyaa:downloads>
				<nyaa:infoHash>33288efc977b21ddf41c0634a7e718d70d519eb0</nyaa:infoHash>
			<nyaa:categoryId>1_2</nyaa:categoryId>
			<nyaa:category>Anime - English-translated</nyaa:category>
			<nyaa:size>2.2 GiB</nyaa:size>
			<nyaa:comments>0</nyaa:comments>
			<nyaa:trusted>No</nyaa:trusted>
			<nyaa:remake>No</nyaa:remake>
			<description><![CDATA[<a href="https://nyaa.si/view/1460597">#1460597 | [Fansubber] [2000] Angel Sanctuary - Dub[EN,ES,IT,FR,DE,JP] - Sub[EN,ES,IT,FR,DE,RU]</a> | 2.2 GiB | Anime - English-translated | 33288EFC977B21DDF41C0634A7E718D70D519EB0]]></description>
		</item>
		<item>
			<title>[EMBER] Isekai Shokudou S02E09 [1080p] [HEVC WEBRip] (Restaurant to Another World 2 | Isekai Shokudou 2)</title>
				<link>https://nyaa.si/download/1460595.torrent</link>
				<guid isPermaLink="true">https://nyaa.si/view/1460595</guid>
				<pubDate>Fri, 26 Nov 2021 23:39:02 -0000</pubDate>

				<nyaa:seeders>55</nyaa:seeders>
				<nyaa:leechers>4</nyaa:leechers>
				<nyaa:downloads>92</nyaa:downloads>
				<nyaa:infoHash>85b55145bef0d1924863d9dd65b5711411234dff</nyaa:infoHash>
			<nyaa:categoryId>1_2</nyaa:categoryId>
			<nyaa:category>Anime - English-translated</nyaa:category>
			<nyaa:size>283.6 MiB</nyaa:size>
			<nyaa:comments>0</nyaa:comments>
			<nyaa:trusted>No</nyaa:trusted>
			<nyaa:remake>Yes</nyaa:remake>
			<description><![CDATA[<a href="https://nyaa.si/view/1460595">#1460595 | [EMBER] Isekai Shokudou S02E09 [1080p] [HEVC WEBRip] (Restaurant to Another World 2 | Isekai Shokudou 2)</a> | 283.6 MiB | Anime - English-translated | 85B55145BEF0D1924863D9DD65B5711411234DFF]]></description>
		</item>
		<item>
			<title>[Golumpa] Yashahime - Princess Half-Demon - The Second Act - 04 (Hanyou no Yashahime - Sengoku Otogizoushi - Ni no Shou) [English Dub] [FuniDub 1080p x264 AAC] [MKV] [CAF64B66]</title>
				<link>https://nyaa.si/download/1460588.torrent</link>
				<guid isPermaLink="true">https://nyaa.si/view/1460588</guid>
				<pubDate>Fri, 26 Nov 2021 23:12:44 -0000</pubDate>

				<nyaa:seeders>49</nyaa:seeders>
				<nyaa:leechers>4</nyaa:leechers>
				<nyaa:downloads>81</nyaa:downloads>
				<nyaa:infoHash>f5f4aea783f6b1296b8b40f9a0a87b1a16a8cec1</nyaa:infoHash>
			<nyaa:categoryId>1_2</nyaa:categoryId>
			<nyaa:category>Anime - English-translated</nyaa:category>
			<nyaa:size>1.0 GiB</nyaa:size>
			<nyaa:comments>0</nyaa:comments>
			<nyaa:trusted>No</nyaa:trusted>
			<nyaa:remake>No</nyaa:remake>
			<description><![CDATA[<a href="https://nyaa.si/view/1460588">#1460588 | [Golumpa] Yashahime - Princess Half-Demon - The Second Act - 04 (Hanyou no Yashahime - Sengoku Otogizoushi - Ni no Shou) [English Dub] [FuniDub 1080p x264 AAC] [MKV] [CAF64B66]</a> | 1.0 GiB | Anime - English-translated | F5F4AEA783F6B1296B8B40F9A0A87B1A16A8CEC1]]></description>
		</item>
		<item>
			<title>[Golumpa] Yashahime - Princess Half-Demon - The Second Act - 04 (Hanyou no Yashahime - Sengoku Otogizoushi - Ni no Shou) [English Dub] [FuniDub 720p x264 AAC] [MKV] [72D42542]</title>
				<link>https://nyaa.si/download/1460586.torrent</link>
				<guid isPermaLink="true">https://nyaa.si/view/1460586</guid>
				<pubDate>Fri, 26 Nov 2021 23:12:20 -0000</pubDate>

				<nyaa:seeders>28</nyaa:seeders>
				<nyaa:leechers>5</nyaa:leechers>
				<nyaa:downloads>50</nyaa:downloads>
				<nyaa:infoHash>451665c32452b6d6370543bd5ef46d7b2a7b7cee</nyaa:infoHash>
			<nyaa:categoryId>1_2</nyaa:categoryId>
			<nyaa:category>Anime - English-translated</nyaa:category>
			<nyaa:size>436.7 MiB</nyaa:size>
			<nyaa:comments>0</nyaa:comments>
			<nyaa:trusted>No</nyaa:trusted>
			<nyaa:remake>No</nyaa:remake>
			<description><![CDATA[<a href="https://nyaa.si/view/1460586">#1460586 | [Golumpa] Yashahime - Princess Half-Demon - The Second Act - 04 (Hanyou no Yashahime - Sengoku Otogizoushi - Ni no Shou) [English Dub] [FuniDub 720p x264 AAC] [MKV] [72D42542]</a> | 436.7 MiB | Anime - English-translated | 451665C32452B6D6370543BD5EF46D7B2A7B7CEE]]></description>
		</item>
		<item>
			<title>Hanyou no Yashahime - S02E04 - ENG 1080p WEB H.264 -NanDesuKa (FUNi).mkv</title>
				<link>https://nyaa.si/download/1460583.torrent</link>
				<guid isPermaLink="true">https://nyaa.si/view/1460583</guid>
				<pubDate>Fri, 26 Nov 2021 23:01:02 -0000</pubDate>

				<nyaa:seeders>17</nyaa:seeders>
				<nyaa:leechers>1</nyaa:leechers>
				<nyaa:downloads>27</nyaa:downloads>
				<nyaa:infoHash>7d5646d453baf398bdded00a971ee54169bdf3e9</nyaa:infoHash>
			<nyaa:categoryId>1_2</nyaa:categoryId>
			<nyaa:category>Anime - English-translated</nyaa:category>
			<nyaa:size>1.0 GiB</nyaa:size>
			<nyaa:comments>0</nyaa:comments>
			<nyaa:trusted>No</nyaa:trusted>
			<nyaa:remake>No</nyaa:remake>
			<description><![CDATA[<a href="https://nyaa.si/view/1460583">#1460583 | Hanyou no Yashahime - S02E04 - ENG 1080p WEB H.264 -NanDesuKa (FUNi).mkv</a> | 1.0 GiB | Anime - English-translated | 7D5646D453BAF398BDDED00A971EE54169BDF3E9]]></description>
		</item>
		<item>
			<title>Hanyou no Yashahime - S02E04 - ENG 720p WEB H.264 -NanDesuKa (FUNi).mkv</title>
				<link>https://nyaa.si/download/1460582.torrent</link>
				<guid isPermaLink="true">https://nyaa.si/view/1460582</guid>
				<pubDate>Fri, 26 Nov 2021 23:00:57 -0000</pubDate>

				<nyaa:seeders>5</nyaa:seeders>
				<nyaa:leechers>2</nyaa:leechers>
				<nyaa:downloads>7</nyaa:downloads>
				<nyaa:infoHash>832385a66861690722e529683a17ffaf40b79aa8</nyaa:infoHash>
			<nyaa:categoryId>1_2</nyaa:categoryId>
			<nyaa:category>Anime - English-translated</nyaa:category>
			<nyaa:size>646.1 MiB</nyaa:size>
			<nyaa:comments>0</nyaa:comments>
			<nyaa:trusted>No</nyaa:trusted>
			<nyaa:remake>No</nyaa:remake>
			<description><![CDATA[<a href="https://nyaa.si/view/1460582">#1460582 | Hanyou no Yashahime - S02E04 - ENG 720p WEB H.264 -NanDesuKa (FUNi).mkv</a> | 646.1 MiB | Anime - English-translated | 832385A66861690722E529683A17FFAF40B79AA8]]></description>
		</item>
		<item>
			<title>Hanyou no Yashahime - S02E04 - ENG 540p WEB H.264 -NanDesuKa (FUNi).mkv</title>
				<link>https://nyaa.si/download/1460581.torrent</link>
				<guid isPermaLink="true">https://nyaa.si/view/1460581</guid>
				<pubDate>Fri, 26 Nov 2021 23:00:42 -0000</pubDate>

				<nyaa:seeders>1</nyaa:seeders>
				<nyaa:leechers>1</nyaa:leechers>
				<nyaa:downloads>5</nyaa:downloads>
				<nyaa:infoHash>cb2e045bd88eda9fbafdf908236e068a23ff9511</nyaa:infoHash>
			<nyaa:categoryId>1_2</nyaa:categoryId>
			<nyaa:category>Anime - English-translated</nyaa:category>
			<nyaa:size>357.8 MiB</nyaa:size>
			<nyaa:comments>0</nyaa:comments>
			<nyaa:trusted>No</nyaa:trusted>
			<nyaa:remake>No</nyaa:remake>
			<description><![CDATA[<a href="https://nyaa.si/view/1460581">#1460581 | Hanyou no Yashahime - S02E04 - ENG 540p WEB H.264 -NanDesuKa (FUNi).mkv</a> | 357.8 MiB | Anime - English-translated | CB2E045BD88EDA9FBAFDF908236E068A23FF9511]]></description>
		</item>
		<item>
			<title>[KMN5] Princess Principal [Dual-Audio][BDRip 1920x1080 Hi10 FLAC]</title>
				<link>https://nyaa.si/download/1460574.torrent</link>
				<guid isPermaLink="true">https://nyaa.si/view/1460574</guid>
				<pubDate>Fri, 26 Nov 2021 21:48:30 -0000</pubDate>

				<nyaa:seeders>13</nyaa:seeders>
				<nyaa:leechers>4</nyaa:leechers>
				<nyaa:downloads>10</nyaa:downloads>
				<nyaa:infoHash>fedeeeeeb76571708e5959743cb5dd4d71dc51d1</nyaa:infoHash>
			<nyaa:categoryId>1_2</nyaa:categoryId>
			<nyaa:category>Anime - English-translated</nyaa:category>
			<nyaa:size>19.7 GiB</nyaa:size>
			<nyaa:comments>0</nyaa:comments>
			<nyaa:trusted>No</nyaa:trusted>
			<nyaa:remake>No</nyaa:remake>
			<description><![CDATA[<a href="https://nyaa.si/view/1460574">#1460574 | [KMN5] Princess Principal [Dual-Audio][BDRip 1920x1080 Hi10 FLAC]</a> | 19.7 GiB | Anime - English-translated | FEDEEEEEB76571708E5959743CB5DD4D71DC51D1]]></description>
		</item>
		<item>
			<title>[Raze] Yuuki Yuuna wa Yuusha de Aru - Dai Mankai no Shou - 09 x265 10bit 1080p 120fps.mkv</title>
				<link>https://nyaa.si/download/1460568.torrent</link>
				<guid isPermaLink="true">https://nyaa.si/view/1460568</guid>
				<pubDate>Fri, 26 Nov 2021 21:16:41 -0000</pubDate>

				<nyaa:seeders>8</nyaa:seeders>
				<nyaa:leechers>2</nyaa:leechers>
				<nyaa:downloads>13</nyaa:downloads>
				<nyaa:infoHash>71bd8fc012dee377ec744a9ba1d5c8691178deb0</nyaa:infoHash>
			<nyaa:categoryId>1_2</nyaa:categoryId>
			<nyaa:category>Anime - English-translated</nyaa:category>
			<nyaa:size>1.1 GiB</nyaa:size>
			<nyaa:comments>0</nyaa:comments>
			<nyaa:trusted>No</nyaa:trusted>
			<nyaa:remake>Yes</nyaa:remake>
			<description><![CDATA[<a href="https://nyaa.si/view/1460568">#1460568 | [Raze] Yuuki Yuuna wa Yuusha de Aru - Dai Mankai no Shou - 09 x265 10bit 1080p 120fps.mkv</a> | 1.1 GiB | Anime - English-translated | 71BD8FC012DEE377EC744A9BA1D5C8691178DEB0]]></description>
		</item>
		<item>
			<title>[Raze] Visual Prison - 08 x265 10bit 1080p 120fps.mkv</title>
				<link>https://nyaa.si/download/1460567.torrent</link>
				<guid isPermaLink="true">https://nyaa.si/view/1460567</guid>
				<pubDate>Fri, 26 Nov 2021 21:16:30 -0000</pubDate>

				<nyaa:seeders>5</nyaa:seeders>
				<nyaa:leechers>1</nyaa:leechers>
				<nyaa:downloads>8</nyaa:downloads>
				<nyaa:infoHash>69703c60da442528d543f8da615115755b57132e</nyaa:infoHash>
			<nyaa:categoryId>1_2</nyaa:categoryId>
			<nyaa:category>Anime - English-translated</nyaa:category>
			<nyaa:size>1.1 GiB</nyaa:size>
			<nyaa:comments>0</nyaa:comments>
			<nyaa:trusted>No</nyaa:trusted>
			<nyaa:remake>Yes</nyaa:remake>
			<description><![CDATA[<a href="https://nyaa.si/view/1460567">#1460567 | [Raze] Visual Prison - 08 x265 10bit 1080p 120fps.mkv</a> | 1.1 GiB | Anime - English-translated | 69703C60DA442528D543F8DA615115755B57132E]]></description>
		</item>
		<item>
			<title>[ASW] Yuuki Yuuna wa Yuusha de Aru - Dai Mankai no Shou - 09 [1080p HEVC x265 10Bit][AAC] (Yuki Yuna is a Hero - The Great Mankai Chapter)</title>
				<link>https://nyaa.si/download/1460557.torrent</link>
				<guid isPermaLink="true">https://nyaa.si/view/1460557</guid>
				<pubDate>Fri, 26 Nov 2021 20:43:45 -0000</pubDate>

				<nyaa:seeders>94</nyaa:seeders>
				<nyaa:leechers>8</nyaa:leechers>
				<nyaa:downloads>222</nyaa:downloads>
				<nyaa:infoHash>40fa21cf670ddf7c0a4da742184f30bfa0c33b4f</nyaa:infoHash>
			<nyaa:categoryId>1_2</nyaa:categoryId>
			<nyaa:category>Anime - English-translated</nyaa:category>
			<nyaa:size>248.5 MiB</nyaa:size>
			<nyaa:comments>0</nyaa:comments>
			<nyaa:trusted>No</nyaa:trusted>
			<nyaa:remake>Yes</nyaa:remake>
			<description><![CDATA[<a href="https://nyaa.si/view/1460557">#1460557 | [ASW] Yuuki Yuuna wa Yuusha de Aru - Dai Mankai no Shou - 09 [1080p HEVC x265 10Bit][AAC] (Yuki Yuna is a Hero - The Great Mankai Chapter)</a> | 248.5 MiB | Anime - English-translated | 40FA21CF670DDF7C0A4DA742184F30BFA0C33B4F]]></description>
		</item>
		<item>
			<title>[NekoYu&#39;] Komi-san wa Komyushou Desu 08 ENG SUB x264 AAC 1080p (MP4)</title>
				<link>https://nyaa.si/download/1460552.torrent</link>
				<guid isPermaLink="true">https://nyaa.si/view/1460552</guid>
				<pubDate>Fri, 26 Nov 2021 19:57:28 -0000</pubDate>

				<nyaa:seeders>185</nyaa:seeders>
				<nyaa:leechers>9</nyaa:leechers>
				<nyaa:downloads>439</nyaa:downloads>
				<nyaa:infoHash>ea7cb4f0be797c19cb1f104f92b70528b72616a2</nyaa:infoHash>
			<nyaa:categoryId>1_2</nyaa:categoryId>
			<nyaa:category>Anime - English-translated</nyaa:category>
			<nyaa:size>341.1 MiB</nyaa:size>
			<nyaa:comments>4</nyaa:comments>
			<nyaa:trusted>No</nyaa:trusted>
			<nyaa:remake>No</nyaa:remake>
			<description><![CDATA[<a href="https://nyaa.si/view/1460552">#1460552 | [NekoYu&#39;] Komi-san wa Komyushou Desu 08 ENG SUB x264 AAC 1080p (MP4)</a> | 341.1 MiB | Anime - English-translated | EA7CB4F0BE797C19CB1F104F92B70528B72616A2]]></description>
		</item>
		<item>
			<title>[ASW] Yakunara Mug Cup mo S2 - 09 [1080p HEVC x265 10Bit][AAC] (Let&#39;s Make a Mug Too 2)</title>
				<link>https://nyaa.si/download/1460551.torrent</link>
				<guid isPermaLink="true">https://nyaa.si/view/1460551</guid>
				<pubDate>Fri, 26 Nov 2021 19:57:28 -0000</pubDate>

				<nyaa:seeders>57</nyaa:seeders>
				<nyaa:leechers>3</nyaa:leechers>
				<nyaa:downloads>177</nyaa:downloads>
				<nyaa:infoHash>18a123395cebd3de956f88771544c9f4ba651f0c</nyaa:infoHash>
			<nyaa:categoryId>1_2</nyaa:categoryId>
			<nyaa:category>Anime - English-translated</nyaa:category>
			<nyaa:size>157.6 MiB</nyaa:size>
			<nyaa:comments>0</nyaa:comments>
			<nyaa:trusted>No</nyaa:trusted>
			<nyaa:remake>Yes</nyaa:remake>
			<description><![CDATA[<a href="https://nyaa.si/view/1460551">#1460551 | [ASW] Yakunara Mug Cup mo S2 - 09 [1080p HEVC x265 10Bit][AAC] (Let&#39;s Make a Mug Too 2)</a> | 157.6 MiB | Anime - English-translated | 18A123395CEBD3DE956F88771544C9F4BA651F0C]]></description>
		</item>
		<item>
			<title>[ASW] Isekai Shokudou S2 - 09 [1080p HEVC x265 10Bit][AAC] (Restaurant to Another World 2)</title>
				<link>https://nyaa.si/download/1460541.torrent</link>
				<guid isPermaLink="true">https://nyaa.si/view/1460541</guid>
				<pubDate>Fri, 26 Nov 2021 19:28:34 -0000</pubDate>

				<nyaa:seeders>157</nyaa:seeders>
				<nyaa:leechers>15</nyaa:leechers>
				<nyaa:downloads>498</nyaa:downloads>
				<nyaa:infoHash>bf8706def13c1ea965e0d848d3ba0fa8a98b1f65</nyaa:infoHash>
			<nyaa:categoryId>1_2</nyaa:categoryId>
			<nyaa:category>Anime - English-translated</nyaa:category>
			<nyaa:size>236.4 MiB</nyaa:size>
			<nyaa:comments>0</nyaa:comments>
			<nyaa:trusted>No</nyaa:trusted>
			<nyaa:remake>Yes</nyaa:remake>
			<description><![CDATA[<a href="https://nyaa.si/view/1460541">#1460541 | [ASW] Isekai Shokudou S2 - 09 [1080p HEVC x265 10Bit][AAC] (Restaurant to Another World 2)</a> | 236.4 MiB | Anime - English-translated | BF8706DEF13C1EA965E0D848D3BA0FA8A98B1F65]]></description>
		</item>
		<item>
			<title>[LostYears] The Case Study of Vanitas - S01E10 (WEB 720p Hi444PP AAC) [Dual-Audio] (Vanitas no Karte \ Carte)</title>
				<link>https://nyaa.si/download/1460536.torrent</link>
				<guid isPermaLink="true">https://nyaa.si/view/1460536</guid>
				<pubDate>Fri, 26 Nov 2021 19:27:03 -0000</pubDate>

				<nyaa:seeders>16</nyaa:seeders>
				<nyaa:leechers>1</nyaa:leechers>
				<nyaa:downloads>39</nyaa:downloads>
				<nyaa:infoHash>56384686fa2c22edc0bd9c8a17e25879fc0ae7aa</nyaa:infoHash>
			<nyaa:categoryId>1_2</nyaa:categoryId>
			<nyaa:category>Anime - English-translated</nyaa:category>
			<nyaa:size>335.2 MiB</nyaa:size>
			<nyaa:comments>0</nyaa:comments>
			<nyaa:trusted>No</nyaa:trusted>
			<nyaa:remake>No</nyaa:remake>
			<description><![CDATA[<a href="https://nyaa.si/view/1460536">#1460536 | [LostYears] The Case Study of Vanitas - S01E10 (WEB 720p Hi444PP AAC) [Dual-Audio] (Vanitas no Karte \ Carte)</a> | 335.2 MiB | Anime - English-translated | 56384686FA2C22EDC0BD9C8A17E25879FC0AE7AA]]></description>
		</item>
		<item>
			<title>[YuiSubs] Yakunara Mug Cup mo S2 - 09  (NVENC H.265 1080p)</title>
				<link>https://nyaa.si/download/1460527.torrent</link>
				<guid isPermaLink="true">https://nyaa.si/view/1460527</guid>
				<pubDate>Fri, 26 Nov 2021 19:09:45 -0000</pubDate>

				<nyaa:seeders>22</nyaa:seeders>
				<nyaa:leechers>0</nyaa:leechers>
				<nyaa:downloads>58</nyaa:downloads>
				<nyaa:infoHash>3e34d245bd3d04a99e3a1e85b9e5da785a40b30b</nyaa:infoHash>
			<nyaa:categoryId>1_2</nyaa:categoryId>
			<nyaa:category>Anime - English-translated</nyaa:category>
			<nyaa:size>263.9 MiB</nyaa:size>
			<nyaa:comments>0</nyaa:comments>
			<nyaa:trusted>No</nyaa:trusted>
			<nyaa:remake>Yes</nyaa:remake>
			<description><![CDATA[<a href="https://nyaa.si/view/1460527">#1460527 | [YuiSubs] Yakunara Mug Cup mo S2 - 09  (NVENC H.265 1080p)</a> | 263.9 MiB | Anime - English-translated | 3E34D245BD3D04A99E3A1E85B9E5DA785A40B30B]]></description>
		</item>
		<item>
			<title>[YuiSubs] Yuuki Yuuna wa Yuusha de Aru - Dai Mankai no Shou - 09  (NVENC H.265 1080p)</title>
				<link>https://nyaa.si/download/1460523.torrent</link>
				<guid isPermaLink="true">https://nyaa.si/view/1460523</guid>
				<pubDate>Fri, 26 Nov 2021 19:02:25 -0000</pubDate>

				<nyaa:seeders>24</nyaa:seeders>
				<nyaa:leechers>2</nyaa:leechers>
				<nyaa:downloads>77</nyaa:downloads>
				<nyaa:infoHash>71568b13822b7f841f681d9bea9d8682a6bb5b59</nyaa:infoHash>
			<nyaa:categoryId>1_2</nyaa:categoryId>
			<nyaa:category>Anime - English-translated</nyaa:category>
			<nyaa:size>419.3 MiB</nyaa:size>
			<nyaa:comments>0</nyaa:comments>
			<nyaa:trusted>No</nyaa:trusted>
			<nyaa:remake>Yes</nyaa:remake>
			<description><![CDATA[<a href="https://nyaa.si/view/1460523">#1460523 | [YuiSubs] Yuuki Yuuna wa Yuusha de Aru - Dai Mankai no Shou - 09  (NVENC H.265 1080p)</a> | 419.3 MiB | Anime - English-translated | 71568B13822B7F841F681D9BEA9D8682A6BB5B59]]></description>
		</item>
		<item>
			<title>[SubsPlease] Yakunara Mug Cup mo S2 - 09 (1080p) [8C9F512D].mkv</title>
				<link>https://nyaa.si/download/1460522.torrent</link>
				<guid isPermaLink="true">https://nyaa.si/view/1460522</guid>
				<pubDate>Fri, 26 Nov 2021 19:01:05 -0000</pubDate>

				<nyaa:seeders>241</nyaa:seeders>
				<nyaa:leechers>13</nyaa:leechers>
				<nyaa:downloads>655</nyaa:downloads>
				<nyaa:infoHash>596d9bff0c665099b426157675bdfc84536ccc1f</nyaa:infoHash>
			<nyaa:categoryId>1_2</nyaa:categoryId>
			<nyaa:category>Anime - English-translated</nyaa:category>
			<nyaa:size>853.9 MiB</nyaa:size>
			<nyaa:comments>0</nyaa:comments>
			<nyaa:trusted>Yes</nyaa:trusted>
			<nyaa:remake>No</nyaa:remake>
			<description><![CDATA[<a href="https://nyaa.si/view/1460522">#1460522 | [SubsPlease] Yakunara Mug Cup mo S2 - 09 (1080p) [8C9F512D].mkv</a> | 853.9 MiB | Anime - English-translated | 596D9BFF0C665099B426157675BDFC84536CCC1F]]></description>
		</item>
		<item>
			<title>[Erai-raws] Yakunara Mug Cup mo Nibangama - 09 [720p][Multiple Subtitle][56980E4D].mkv</title>
				<link>https://nyaa.si/download/1460521.torrent</link>
				<guid isPermaLink="true">https://nyaa.si/view/1460521</guid>
				<pubDate>Fri, 26 Nov 2021 19:00:53 -0000</pubDate>

				<nyaa:seeders>35</nyaa:seeders>
				<nyaa:leechers>3</nyaa:leechers>
				<nyaa:downloads>108</nyaa:downloads>
				<nyaa:infoHash>6ece969bf7cecac42398341d91deb70635506397</nyaa:infoHash>
			<nyaa:categoryId>1_2</nyaa:categoryId>
			<nyaa:category>Anime - English-translated</nyaa:category>
			<nyaa:size>436.9 MiB</nyaa:size>
			<nyaa:comments>0</nyaa:comments>
			<nyaa:trusted>Yes</nyaa:trusted>
			<nyaa:remake>No</nyaa:remake>
			<description><![CDATA[<a href="https://nyaa.si/view/1460521">#1460521 | [Erai-raws] Yakunara Mug Cup mo Nibangama - 09 [720p][Multiple Subtitle][56980E4D].mkv</a> | 436.9 MiB | Anime - English-translated | 6ECE969BF7CECAC42398341D91DEB70635506397]]></description>
		</item>
		<item>
			<title>[Erai-raws] Yakunara Mug Cup mo Nibangama - 09 [1080p][Multiple Subtitle][F4547AA1].mkv</title>
				<link>https://nyaa.si/download/1460520.torrent</link>
				<guid isPermaLink="true">https://nyaa.si/view/1460520</guid>
				<pubDate>Fri, 26 Nov 2021 19:00:51 -0000</pubDate>

				<nyaa:seeders>56</nyaa:seeders>
				<nyaa:leechers>1</nyaa:leechers>
				<nyaa:downloads>118</nyaa:downloads>
				<nyaa:infoHash>9c94a059f3f62397218836a0a09814180fffbc57</nyaa:infoHash>
			<nyaa:categoryId>1_2</nyaa:categoryId>
			<nyaa:category>Anime - English-translated</nyaa:category>
			<nyaa:size>855.6 MiB</nyaa:size>
			<nyaa:comments>0</nyaa:comments>
			<nyaa:trusted>Yes</nyaa:trusted>
			<nyaa:remake>No</nyaa:remake>
			<description><![CDATA[<a href="https://nyaa.si/view/1460520">#1460520 | [Erai-raws] Yakunara Mug Cup mo Nibangama - 09 [1080p][Multiple Subtitle][F4547AA1].mkv</a> | 855.6 MiB | Anime - English-translated | 9C94A059F3F62397218836A0A09814180FFFBC57]]></description>
		</item>
		<item>
			<title>[Erai-raws] Yakunara Mug Cup mo Nibangama - 09 [480p][Multiple Subtitle][7EC2932C].mkv</title>
				<link>https://nyaa.si/download/1460519.torrent</link>
				<guid isPermaLink="true">https://nyaa.si/view/1460519</guid>
				<pubDate>Fri, 26 Nov 2021 19:00:46 -0000</pubDate>

				<nyaa:seeders>9</nyaa:seeders>
				<nyaa:leechers>1</nyaa:leechers>
				<nyaa:downloads>30</nyaa:downloads>
				<nyaa:infoHash>5d9d7ed8599baf1e2c7eb5f68566c4bff91d4c22</nyaa:infoHash>
			<nyaa:categoryId>1_2</nyaa:categoryId>
			<nyaa:category>Anime - English-translated</nyaa:category>
			<nyaa:size>225.7 MiB</nyaa:size>
			<nyaa:comments>0</nyaa:comments>
			<nyaa:trusted>Yes</nyaa:trusted>
			<nyaa:remake>No</nyaa:remake>
			<description><![CDATA[<a href="https://nyaa.si/view/1460519">#1460519 | [Erai-raws] Yakunara Mug Cup mo Nibangama - 09 [480p][Multiple Subtitle][7EC2932C].mkv</a> | 225.7 MiB | Anime - English-translated | 5D9D7ED8599BAF1E2C7EB5F68566C4BFF91D4C22]]></description>
		</item>
		<item>
			<title>[SubsPlease] Yakunara Mug Cup mo S2 - 09 (720p) [17F19573].mkv</title>
				<link>https://nyaa.si/download/1460518.torrent</link>
				<guid isPermaLink="true">https://nyaa.si/view/1460518</guid>
				<pubDate>Fri, 26 Nov 2021 19:00:45 -0000</pubDate>

				<nyaa:seeders>178</nyaa:seeders>
				<nyaa:leechers>18</nyaa:leechers>
				<nyaa:downloads>535</nyaa:downloads>
				<nyaa:infoHash>78446d36208dd844e6ab311bc7fc3be3fe9067c4</nyaa:infoHash>
			<nyaa:categoryId>1_2</nyaa:categoryId>
			<nyaa:category>Anime - English-translated</nyaa:category>
			<nyaa:size>435.2 MiB</nyaa:size>
			<nyaa:comments>0</nyaa:comments>
			<nyaa:trusted>Yes</nyaa:trusted>
			<nyaa:remake>No</nyaa:remake>
			<description><![CDATA[<a href="https://nyaa.si/view/1460518">#1460518 | [SubsPlease] Yakunara Mug Cup mo S2 - 09 (720p) [17F19573].mkv</a> | 435.2 MiB | Anime - English-translated | 78446D36208DD844E6AB311BC7FC3BE3FE9067C4]]></description>
		</item>
		<item>
			<title>[SubsPlease] Yakunara Mug Cup mo S2 - 09 (480p) [F07BE5C4].mkv</title>
				<link>https://nyaa.si/download/1460517.torrent</link>
				<guid isPermaLink="true">https://nyaa.si/view/1460517</guid>
				<pubDate>Fri, 26 Nov 2021 19:00:44 -0000</pubDate>

				<nyaa:seeders>50</nyaa:seeders>
				<nyaa:leechers>4</nyaa:leechers>
				<nyaa:downloads>175</nyaa:downloads>
				<nyaa:infoHash>e53a750968251c7f7f7fd88c813926ce7f3413ed</nyaa:infoHash>
			<nyaa:categoryId>1_2</nyaa:categoryId>
			<nyaa:category>Anime - English-translated</nyaa:category>
			<nyaa:size>224.0 MiB</nyaa:size>
			<nyaa:comments>0</nyaa:comments>
			<nyaa:trusted>Yes</nyaa:trusted>
			<nyaa:remake>No</nyaa:remake>
			<description><![CDATA[<a href="https://nyaa.si/view/1460517">#1460517 | [SubsPlease] Yakunara Mug Cup mo S2 - 09 (480p) [F07BE5C4].mkv</a> | 224.0 MiB | Anime - English-translated | E53A750968251C7F7F7FD88C813926CE7F3413ED]]></description>
		</item>
		<item>
			<title>[SubsPlease] Yuuki Yuuna wa Yuusha de Aru - Dai Mankai no Shou - 09 (1080p) [F18FD9BE].mkv</title>
				<link>https://nyaa.si/download/1460515.torrent</link>
				<guid isPermaLink="true">https://nyaa.si/view/1460515</guid>
				<pubDate>Fri, 26 Nov 2021 18:56:44 -0000</pubDate>

				<nyaa:seeders>329</nyaa:seeders>
				<nyaa:leechers>9</nyaa:leechers>
				<nyaa:downloads>993</nyaa:downloads>
				<nyaa:infoHash>657ae79d2107382ecd255d802d106efdc84574d9</nyaa:infoHash>
			<nyaa:categoryId>1_2</nyaa:categoryId>
			<nyaa:category>Anime - English-translated</nyaa:category>
			<nyaa:size>307.7 MiB</nyaa:size>
			<nyaa:comments>0</nyaa:comments>
			<nyaa:trusted>Yes</nyaa:trusted>
			<nyaa:remake>No</nyaa:remake>
			<description><![CDATA[<a href="https://nyaa.si/view/1460515">#1460515 | [SubsPlease] Yuuki Yuuna wa Yuusha de Aru - Dai Mankai no Shou - 09 (1080p) [F18FD9BE].mkv</a> | 307.7 MiB | Anime - English-translated | 657AE79D2107382ECD255D802D106EFDC84574D9]]></description>
		</item>
		<item>
			<title>[SubsPlease] Yuuki Yuuna wa Yuusha de Aru - Dai Mankai no Shou - 09 (720p) [34D15894].mkv</title>
				<link>https://nyaa.si/download/1460514.torrent</link>
				<guid isPermaLink="true">https://nyaa.si/view/1460514</guid>
				<pubDate>Fri, 26 Nov 2021 18:56:33 -0000</pubDate>

				<nyaa:seeders>210</nyaa:seeders>
				<nyaa:leechers>30</nyaa:leechers>
				<nyaa:downloads>726</nyaa:downloads>
				<nyaa:infoHash>d14b077fddd7a13b6e774f0257a128f6f8c4167c</nyaa:infoHash>
			<nyaa:categoryId>1_2</nyaa:categoryId>
			<nyaa:category>Anime - English-translated</nyaa:category>
			<nyaa:size>174.6 MiB</nyaa:size>
			<nyaa:comments>0</nyaa:comments>
			<nyaa:trusted>Yes</nyaa:trusted>
			<nyaa:remake>No</nyaa:remake>
			<description><![CDATA[<a href="https://nyaa.si/view/1460514">#1460514 | [SubsPlease] Yuuki Yuuna wa Yuusha de Aru - Dai Mankai no Shou - 09 (720p) [34D15894].mkv</a> | 174.6 MiB | Anime - English-translated | D14B077FDDD7A13B6E774F0257A128F6F8C4167C]]></description>
		</item>
		<item>
			<title>[SubsPlease] Yuuki Yuuna wa Yuusha de Aru - Dai Mankai no Shou - 09 (480p) [45A615CC].mkv</title>
				<link>https://nyaa.si/download/1460513.torrent</link>
				<guid isPermaLink="true">https://nyaa.si/view/1460513</guid>
				<pubDate>Fri, 26 Nov 2021 18:56:28 -0000</pubDate>

				<nyaa:seeders>66</nyaa:seeders>
				<nyaa:leechers>1</nyaa:leechers>
				<nyaa:downloads>189</nyaa:downloads>
				<nyaa:infoHash>0dcddfa21cba1baeb08ab1b3c5b6b830dab0bf8c</nyaa:infoHash>
			<nyaa:categoryId>1_2</nyaa:categoryId>
			<nyaa:category>Anime - English-translated</nyaa:category>
			<nyaa:size>106.4 MiB</nyaa:size>
			<nyaa:comments>0</nyaa:comments>
			<nyaa:trusted>Yes</nyaa:trusted>
			<nyaa:remake>No</nyaa:remake>
			<description><![CDATA[<a href="https://nyaa.si/view/1460513">#1460513 | [SubsPlease] Yuuki Yuuna wa Yuusha de Aru - Dai Mankai no Shou - 09 (480p) [45A615CC].mkv</a> | 106.4 MiB | Anime - English-translated | 0DCDDFA21CBA1BAEB08AB1B3C5B6B830DAB0BF8C]]></description>
		</item>
		<item>
			<title>[ASW] Taishou Otome Otogibanashi - 08 [1080p HEVC x265 10Bit][AAC] (Taisho Otome Fairy Tale)</title>
				<link>https://nyaa.si/download/1460506.torrent</link>
				<guid isPermaLink="true">https://nyaa.si/view/1460506</guid>
				<pubDate>Fri, 26 Nov 2021 18:44:15 -0000</pubDate>

				<nyaa:seeders>113</nyaa:seeders>
				<nyaa:leechers>11</nyaa:leechers>
				<nyaa:downloads>378</nyaa:downloads>
				<nyaa:infoHash>d766d75c1947e2382648725e8baefbfac9180d48</nyaa:infoHash>
			<nyaa:categoryId>1_2</nyaa:categoryId>
			<nyaa:category>Anime - English-translated</nyaa:category>
			<nyaa:size>207.2 MiB</nyaa:size>
			<nyaa:comments>0</nyaa:comments>
			<nyaa:trusted>No</nyaa:trusted>
			<nyaa:remake>Yes</nyaa:remake>
			<description><![CDATA[<a href="https://nyaa.si/view/1460506">#1460506 | [ASW] Taishou Otome Otogibanashi - 08 [1080p HEVC x265 10Bit][AAC] (Taisho Otome Fairy Tale)</a> | 207.2 MiB | Anime - English-translated | D766D75C1947E2382648725E8BAEFBFAC9180D48]]></description>
		</item>
		<item>
			<title>[YuiSubs] Isekai Shokudou S2 - 09  (NVENC H.265 1080p)</title>
				<link>https://nyaa.si/download/1460505.torrent</link>
				<guid isPermaLink="true">https://nyaa.si/view/1460505</guid>
				<pubDate>Fri, 26 Nov 2021 18:42:48 -0000</pubDate>

				<nyaa:seeders>34</nyaa:seeders>
				<nyaa:leechers>3</nyaa:leechers>
				<nyaa:downloads>119</nyaa:downloads>
				<nyaa:infoHash>3240e6823b0150cfc16787e57cdd8a3d5b5b506e</nyaa:infoHash>
			<nyaa:categoryId>1_2</nyaa:categoryId>
			<nyaa:category>Anime - English-translated</nyaa:category>
			<nyaa:size>425.2 MiB</nyaa:size>
			<nyaa:comments>0</nyaa:comments>
			<nyaa:trusted>No</nyaa:trusted>
			<nyaa:remake>Yes</nyaa:remake>
			<description><![CDATA[<a href="https://nyaa.si/view/1460505">#1460505 | [YuiSubs] Isekai Shokudou S2 - 09  (NVENC H.265 1080p)</a> | 425.2 MiB | Anime - English-translated | 3240E6823B0150CFC16787E57CDD8A3D5B5B506E]]></description>
		</item>
		<item>
			<title>[avg] Bananya S2 (Bananya and the Curious Bunch) [BD 1080p x264 AC3] [Dual Audio]</title>
				<link>https://nyaa.si/download/1460503.torrent</link>
				<guid isPermaLink="true">https://nyaa.si/view/1460503</guid>
				<pubDate>Fri, 26 Nov 2021 18:41:22 -0000</pubDate>

				<nyaa:seeders>24</nyaa:seeders>
				<nyaa:leechers>2</nyaa:leechers>
				<nyaa:downloads>51</nyaa:downloads>
				<nyaa:infoHash>9798e5e5ac7f585349e89b8685af1b77c3a6cf46</nyaa:infoHash>
			<nyaa:categoryId>1_2</nyaa:categoryId>
			<nyaa:category>Anime - English-translated</nyaa:category>
			<nyaa:size>1.1 GiB</nyaa:size>
			<nyaa:comments>7</nyaa:comments>
			<nyaa:trusted>No</nyaa:trusted>
			<nyaa:remake>No</nyaa:remake>
			<description><![CDATA[<a href="https://nyaa.si/view/1460503">#1460503 | [avg] Bananya S2 (Bananya and the Curious Bunch) [BD 1080p x264 AC3] [Dual Audio]</a> | 1.1 GiB | Anime - English-translated | 9798E5E5AC7F585349E89B8685AF1B77C3A6CF46]]></description>
		</item>
		<item>
			<title>[BDMV] Mahouka Koukou no Rettousei - Raihousha Hen</title>
				<link>https://nyaa.si/download/1460502.torrent</link>
				<guid isPermaLink="true">https://nyaa.si/view/1460502</guid>
				<pubDate>Fri, 26 Nov 2021 18:36:38 -0000</pubDate>

				<nyaa:seeders>7</nyaa:seeders>
				<nyaa:leechers>28</nyaa:leechers>
				<nyaa:downloads>6</nyaa:downloads>
				<nyaa:infoHash>76cf95da0282bcdfb745dc28ec603b904f946e48</nyaa:infoHash>
			<nyaa:categoryId>1_2</nyaa:categoryId>
			<nyaa:category>Anime - English-translated</nyaa:category>
			<nyaa:size>102.0 GiB</nyaa:size>
			<nyaa:comments>3</nyaa:comments>
			<nyaa:trusted>Yes</nyaa:trusted>
			<nyaa:remake>No</nyaa:remake>
			<description><![CDATA[<a href="https://nyaa.si/view/1460502">#1460502 | [BDMV] Mahouka Koukou no Rettousei - Raihousha Hen</a> | 102.0 GiB | Anime - English-translated | 76CF95DA0282BCDFB745DC28EC603B904F946E48]]></description>
		</item>
		<item>
			<title>[SubsPlease] Isekai Shokudou S2 - 09 (1080p) [C933489A].mkv</title>
				<link>https://nyaa.si/download/1460497.torrent</link>
				<guid isPermaLink="true">https://nyaa.si/view/1460497</guid>
				<pubDate>Fri, 26 Nov 2021 18:31:55 -0000</pubDate>

				<nyaa:seeders>604</nyaa:seeders>
				<nyaa:leechers>62</nyaa:leechers>
				<nyaa:downloads>1439</nyaa:downloads>
				<nyaa:infoHash>f551051346e807f04eca6899d3766dcbfe8f4125</nyaa:infoHash>
			<nyaa:categoryId>1_2</nyaa:categoryId>
			<nyaa:category>Anime - English-translated</nyaa:category>
			<nyaa:size>1.4 GiB</nyaa:size>
			<nyaa:comments>2</nyaa:comments>
			<nyaa:trusted>Yes</nyaa:trusted>
			<nyaa:remake>No</nyaa:remake>
			<description><![CDATA[<a href="https://nyaa.si/view/1460497">#1460497 | [SubsPlease] Isekai Shokudou S2 - 09 (1080p) [C933489A].mkv</a> | 1.4 GiB | Anime - English-translated | F551051346E807F04ECA6899D3766DCBFE8F4125]]></description>
		</item>
		<item>
			<title>[SubsPlease] Isekai Shokudou S2 - 09 (720p) [9F21B6ED].mkv</title>
				<link>https://nyaa.si/download/1460496.torrent</link>
				<guid isPermaLink="true">https://nyaa.si/view/1460496</guid>
				<pubDate>Fri, 26 Nov 2021 18:31:17 -0000</pubDate>

				<nyaa:seeders>530</nyaa:seeders>
				<nyaa:leechers>70</nyaa:leechers>
				<nyaa:downloads>1343</nyaa:downloads>
				<nyaa:infoHash>bad80ffd3e5984169b2762fdf6d7f533dc03ce8d</nyaa:infoHash>
			<nyaa:categoryId>1_2</nyaa:categoryId>
			<nyaa:category>Anime - English-translated</nyaa:category>
			<nyaa:size>708.0 MiB</nyaa:size>
			<nyaa:comments>0</nyaa:comments>
			<nyaa:trusted>Yes</nyaa:trusted>
			<nyaa:remake>No</nyaa:remake>
			<description><![CDATA[<a href="https://nyaa.si/view/1460496">#1460496 | [SubsPlease] Isekai Shokudou S2 - 09 (720p) [9F21B6ED].mkv</a> | 708.0 MiB | Anime - English-translated | BAD80FFD3E5984169B2762FDF6D7F533DC03CE8D]]></description>
		</item>
		<item>
			<title>[SubsPlease] Isekai Shokudou S2 - 09 (480p) [04BC7911].mkv</title>
				<link>https://nyaa.si/download/1460495.torrent</link>
				<guid isPermaLink="true">https://nyaa.si/view/1460495</guid>
				<pubDate>Fri, 26 Nov 2021 18:31:01 -0000</pubDate>

				<nyaa:seeders>169</nyaa:seeders>
				<nyaa:leechers>21</nyaa:leechers>
				<nyaa:downloads>484</nyaa:downloads>
				<nyaa:infoHash>9fb7fffacae2117a92af307bae51a76499d34346</nyaa:infoHash>
			<nyaa:categoryId>1_2</nyaa:categoryId>
			<nyaa:category>Anime - English-translated</nyaa:category>
			<nyaa:size>362.2 MiB</nyaa:size>
			<nyaa:comments>0</nyaa:comments>
			<nyaa:trusted>Yes</nyaa:trusted>
			<nyaa:remake>No</nyaa:remake>
			<description><![CDATA[<a href="https://nyaa.si/view/1460495">#1460495 | [SubsPlease] Isekai Shokudou S2 - 09 (480p) [04BC7911].mkv</a> | 362.2 MiB | Anime - English-translated | 9FB7FFFACAE2117A92AF307BAE51A76499D34346]]></description>
		</item>
		<item>
			<title>[Erai-raws] Isekai Shokudou 2 - 09 [1080p][Multiple Subtitle][01E96A05].mkv</title>
				<link>https://nyaa.si/download/1460494.torrent</link>
				<guid isPermaLink="true">https://nyaa.si/view/1460494</guid>
				<pubDate>Fri, 26 Nov 2021 18:30:56 -0000</pubDate>

				<nyaa:seeders>111</nyaa:seeders>
				<nyaa:leechers>5</nyaa:leechers>
				<nyaa:downloads>231</nyaa:downloads>
				<nyaa:infoHash>19794d93e91cffb11a42598a74566b104420a3d3</nyaa:infoHash>
			<nyaa:categoryId>1_2</nyaa:categoryId>
			<nyaa:category>Anime - English-translated</nyaa:category>
			<nyaa:size>1.4 GiB</nyaa:size>
			<nyaa:comments>0</nyaa:comments>
			<nyaa:trusted>Yes</nyaa:trusted>
			<nyaa:remake>No</nyaa:remake>
			<description><![CDATA[<a href="https://nyaa.si/view/1460494">#1460494 | [Erai-raws] Isekai Shokudou 2 - 09 [1080p][Multiple Subtitle][01E96A05].mkv</a> | 1.4 GiB | Anime - English-translated | 19794D93E91CFFB11A42598A74566B104420A3D3]]></description>
		</item>
		<item>
			<title>[Erai-raws] Isekai Shokudou 2 - 09 [480p][Multiple Subtitle][5A4C15A5].mkv</title>
				<link>https://nyaa.si/download/1460493.torrent</link>
				<guid isPermaLink="true">https://nyaa.si/view/1460493</guid>
				<pubDate>Fri, 26 Nov 2021 18:30:53 -0000</pubDate>

				<nyaa:seeders>24</nyaa:seeders>
				<nyaa:leechers>4</nyaa:leechers>
				<nyaa:downloads>61</nyaa:downloads>
				<nyaa:infoHash>e5f78e4fe154d84e07fe626daede039dcdf890cc</nyaa:infoHash>
			<nyaa:categoryId>1_2</nyaa:categoryId>
			<nyaa:category>Anime - English-translated</nyaa:category>
			<nyaa:size>364.1 MiB</nyaa:size>
			<nyaa:comments>0</nyaa:comments>
			<nyaa:trusted>Yes</nyaa:trusted>
			<nyaa:remake>No</nyaa:remake>
			<description><![CDATA[<a href="https://nyaa.si/view/1460493">#1460493 | [Erai-raws] Isekai Shokudou 2 - 09 [480p][Multiple Subtitle][5A4C15A5].mkv</a> | 364.1 MiB | Anime - English-translated | E5F78E4FE154D84E07FE626DAEDE039DCDF890CC]]></description>
		</item>
		<item>
			<title>[Erai-raws] Isekai Shokudou 2 - 09 [720p][Multiple Subtitle][77FEB421].mkv</title>
				<link>https://nyaa.si/download/1460492.torrent</link>
				<guid isPermaLink="true">https://nyaa.si/view/1460492</guid>
				<pubDate>Fri, 26 Nov 2021 18:30:47 -0000</pubDate>

				<nyaa:seeders>75</nyaa:seeders>
				<nyaa:leechers>4</nyaa:leechers>
				<nyaa:downloads>214</nyaa:downloads>
				<nyaa:infoHash>aa26cd1b08c84bee34ce21baa985917fd7a62dbf</nyaa:infoHash>
			<nyaa:categoryId>1_2</nyaa:categoryId>
			<nyaa:category>Anime - English-translated</nyaa:category>
			<nyaa:size>709.9 MiB</nyaa:size>
			<nyaa:comments>0</nyaa:comments>
			<nyaa:trusted>Yes</nyaa:trusted>
			<nyaa:remake>No</nyaa:remake>
			<description><![CDATA[<a href="https://nyaa.si/view/1460492">#1460492 | [Erai-raws] Isekai Shokudou 2 - 09 [720p][Multiple Subtitle][77FEB421].mkv</a> | 709.9 MiB | Anime - English-translated | AA26CD1B08C84BEE34CE21BAA985917FD7A62DBF]]></description>
		</item>
		<item>
			<title>[TTGA] 86 - Eighty Six (2021) (Season 1 (EP: 01-11) + Special) [BDRemux] [1080p Dual Audio FLAC AVC] V2</title>
				<link>https://nyaa.si/download/1460491.torrent</link>
				<guid isPermaLink="true">https://nyaa.si/view/1460491</guid>
				<pubDate>Fri, 26 Nov 2021 18:29:58 -0000</pubDate>

				<nyaa:seeders>6</nyaa:seeders>
				<nyaa:leechers>9</nyaa:leechers>
				<nyaa:downloads>8</nyaa:downloads>
				<nyaa:infoHash>c732a0127d2b9f2d61ae9144011befa905a16efb</nyaa:infoHash>
			<nyaa:categoryId>1_2</nyaa:categoryId>
			<nyaa:category>Anime - English-translated</nyaa:category>
			<nyaa:size>69.3 GiB</nyaa:size>
			<nyaa:comments>1</nyaa:comments>
			<nyaa:trusted>No</nyaa:trusted>
			<nyaa:remake>No</nyaa:remake>
			<description><![CDATA[<a href="https://nyaa.si/view/1460491">#1460491 | [TTGA] 86 - Eighty Six (2021) (Season 1 (EP: 01-11) + Special) [BDRemux] [1080p Dual Audio FLAC AVC] V2</a> | 69.3 GiB | Anime - English-translated | C732A0127D2B9F2D61AE9144011BEFA905A16EFB]]></description>
		</item>
		<item>
			<title>[YuiSubs] Taishou Otome Otogibanashi - 08  (NVENC H.265 1080p)</title>
				<link>https://nyaa.si/download/1460484.torrent</link>
				<guid isPermaLink="true">https://nyaa.si/view/1460484</guid>
				<pubDate>Fri, 26 Nov 2021 18:09:08 -0000</pubDate>

				<nyaa:seeders>37</nyaa:seeders>
				<nyaa:leechers>2</nyaa:leechers>
				<nyaa:downloads>92</nyaa:downloads>
				<nyaa:infoHash>5565099bd85bcba87a17f106902de9c2ba3c4579</nyaa:infoHash>
			<nyaa:categoryId>1_2</nyaa:categoryId>
			<nyaa:category>Anime - English-translated</nyaa:category>
			<nyaa:size>433.5 MiB</nyaa:size>
			<nyaa:comments>0</nyaa:comments>
			<nyaa:trusted>No</nyaa:trusted>
			<nyaa:remake>Yes</nyaa:remake>
			<description><![CDATA[<a href="https://nyaa.si/view/1460484">#1460484 | [YuiSubs] Taishou Otome Otogibanashi - 08  (NVENC H.265 1080p)</a> | 433.5 MiB | Anime - English-translated | 5565099BD85BCBA87A17F106902DE9C2BA3C4579]]></description>
		</item>
		<item>
			<title>[SubsPlease] Taishou Otome Otogibanashi - 08 (1080p) [2C81BB6F].mkv</title>
				<link>https://nyaa.si/download/1460479.torrent</link>
				<guid isPermaLink="true">https://nyaa.si/view/1460479</guid>
				<pubDate>Fri, 26 Nov 2021 17:56:32 -0000</pubDate>

				<nyaa:seeders>461</nyaa:seeders>
				<nyaa:leechers>29</nyaa:leechers>
				<nyaa:downloads>1193</nyaa:downloads>
				<nyaa:infoHash>21c2b1a7fa3d31b2ce1eb82be220c712b8df9675</nyaa:infoHash>
			<nyaa:categoryId>1_2</nyaa:categoryId>
			<nyaa:category>Anime - English-translated</nyaa:category>
			<nyaa:size>1004.7 MiB</nyaa:size>
			<nyaa:comments>3</nyaa:comments>
			<nyaa:trusted>Yes</nyaa:trusted>
			<nyaa:remake>No</nyaa:remake>
			<description><![CDATA[<a href="https://nyaa.si/view/1460479">#1460479 | [SubsPlease] Taishou Otome Otogibanashi - 08 (1080p) [2C81BB6F].mkv</a> | 1004.7 MiB | Anime - English-translated | 21C2B1A7FA3D31B2CE1EB82BE220C712B8DF9675]]></description>
		</item>
		<item>
			<title>[SubsPlease] Taishou Otome Otogibanashi - 08 (720p) [1BE9C4D5].mkv</title>
				<link>https://nyaa.si/download/1460478.torrent</link>
				<guid isPermaLink="true">https://nyaa.si/view/1460478</guid>
				<pubDate>Fri, 26 Nov 2021 17:56:10 -0000</pubDate>

				<nyaa:seeders>345</nyaa:seeders>
				<nyaa:leechers>43</nyaa:leechers>
				<nyaa:downloads>957</nyaa:downloads>
				<nyaa:infoHash>35bfecc775b8269f84d19e9ae022bdd934283370</nyaa:infoHash>
			<nyaa:categoryId>1_2</nyaa:categoryId>
			<nyaa:category>Anime - English-translated</nyaa:category>
			<nyaa:size>616.9 MiB</nyaa:size>
			<nyaa:comments>0</nyaa:comments>
			<nyaa:trusted>Yes</nyaa:trusted>
			<nyaa:remake>No</nyaa:remake>
			<description><![CDATA[<a href="https://nyaa.si/view/1460478">#1460478 | [SubsPlease] Taishou Otome Otogibanashi - 08 (720p) [1BE9C4D5].mkv</a> | 616.9 MiB | Anime - English-translated | 35BFECC775B8269F84D19E9AE022BDD934283370]]></description>
		</item>
		<item>
			<title>[SubsPlease] Taishou Otome Otogibanashi - 08 (540p) [0C66FF6B].mkv</title>
				<link>https://nyaa.si/download/1460477.torrent</link>
				<guid isPermaLink="true">https://nyaa.si/view/1460477</guid>
				<pubDate>Fri, 26 Nov 2021 17:55:52 -0000</pubDate>

				<nyaa:seeders>101</nyaa:seeders>
				<nyaa:leechers>9</nyaa:leechers>
				<nyaa:downloads>300</nyaa:downloads>
				<nyaa:infoHash>c95a29de5ace0ad89a1a3c13f7f4a079a03f8254</nyaa:infoHash>
			<nyaa:categoryId>1_2</nyaa:categoryId>
			<nyaa:category>Anime - English-translated</nyaa:category>
			<nyaa:size>298.1 MiB</nyaa:size>
			<nyaa:comments>0</nyaa:comments>
			<nyaa:trusted>Yes</nyaa:trusted>
			<nyaa:remake>No</nyaa:remake>
			<description><![CDATA[<a href="https://nyaa.si/view/1460477">#1460477 | [SubsPlease] Taishou Otome Otogibanashi - 08 (540p) [0C66FF6B].mkv</a> | 298.1 MiB | Anime - English-translated | C95A29DE5ACE0AD89A1A3C13F7F4A079A03F8254]]></description>
		</item>
		<item>
			<title>Taishou Otome Otogibanashi - S01E08 - 1080p WEB H.264 -NanDesuKa (FUNi).mkv</title>
				<link>https://nyaa.si/download/1460474.torrent</link>
				<guid isPermaLink="true">https://nyaa.si/view/1460474</guid>
				<pubDate>Fri, 26 Nov 2021 17:53:47 -0000</pubDate>

				<nyaa:seeders>44</nyaa:seeders>
				<nyaa:leechers>1</nyaa:leechers>
				<nyaa:downloads>75</nyaa:downloads>
				<nyaa:infoHash>500adf4d0ca759ac8f7ae36c48684eb1a7817269</nyaa:infoHash>
			<nyaa:categoryId>1_2</nyaa:categoryId>
			<nyaa:category>Anime - English-translated</nyaa:category>
			<nyaa:size>1004.4 MiB</nyaa:size>
			<nyaa:comments>0</nyaa:comments>
			<nyaa:trusted>No</nyaa:trusted>
			<nyaa:remake>No</nyaa:remake>
			<description><![CDATA[<a href="https://nyaa.si/view/1460474">#1460474 | Taishou Otome Otogibanashi - S01E08 - 1080p WEB H.264 -NanDesuKa (FUNi).mkv</a> | 1004.4 MiB | Anime - English-translated | 500ADF4D0CA759AC8F7AE36C48684EB1A7817269]]></description>
		</item>
		<item>
			<title>Taishou Otome Otogibanashi - S01E08 - 720p WEB H.264 -NanDesuKa (FUNi).mkv</title>
				<link>https://nyaa.si/download/1460472.torrent</link>
				<guid isPermaLink="true">https://nyaa.si/view/1460472</guid>
				<pubDate>Fri, 26 Nov 2021 17:53:38 -0000</pubDate>

				<nyaa:seeders>4</nyaa:seeders>
				<nyaa:leechers>1</nyaa:leechers>
				<nyaa:downloads>14</nyaa:downloads>
				<nyaa:infoHash>00bb5b1fae76992919025f130caad30dfb7b51b6</nyaa:infoHash>
			<nyaa:categoryId>1_2</nyaa:categoryId>
			<nyaa:category>Anime - English-translated</nyaa:category>
			<nyaa:size>616.6 MiB</nyaa:size>
			<nyaa:comments>0</nyaa:comments>
			<nyaa:trusted>No</nyaa:trusted>
			<nyaa:remake>No</nyaa:remake>
			<description><![CDATA[<a href="https://nyaa.si/view/1460472">#1460472 | Taishou Otome Otogibanashi - S01E08 - 720p WEB H.264 -NanDesuKa (FUNi).mkv</a> | 616.6 MiB | Anime - English-translated | 00BB5B1FAE76992919025F130CAAD30DFB7B51B6]]></description>
		</item>
		<item>
			<title>Taishou Otome Otogibanashi - S01E08 - 540p WEB H.264 -NanDesuKa (FUNi).mkv</title>
				<link>https://nyaa.si/download/1460471.torrent</link>
				<guid isPermaLink="true">https://nyaa.si/view/1460471</guid>
				<pubDate>Fri, 26 Nov 2021 17:53:35 -0000</pubDate>

				<nyaa:seeders>4</nyaa:seeders>
				<nyaa:leechers>0</nyaa:leechers>
				<nyaa:downloads>11</nyaa:downloads>
				<nyaa:infoHash>9c03ea22eb9fa2c4f07a2e1b5fe235e9a2c251b7</nyaa:infoHash>
			<nyaa:categoryId>1_2</nyaa:categoryId>
			<nyaa:category>Anime - English-translated</nyaa:category>
			<nyaa:size>342.8 MiB</nyaa:size>
			<nyaa:comments>0</nyaa:comments>
			<nyaa:trusted>No</nyaa:trusted>
			<nyaa:remake>No</nyaa:remake>
			<description><![CDATA[<a href="https://nyaa.si/view/1460471">#1460471 | Taishou Otome Otogibanashi - S01E08 - 540p WEB H.264 -NanDesuKa (FUNi).mkv</a> | 342.8 MiB | Anime - English-translated | 9C03EA22EB9FA2C4F07A2E1B5FE235E9A2C251B7]]></description>
		</item>
		<item>
			<title>[Golumpa] The World Ends with You The Animation - 08 (Subarashiki Kono Sekai The Animation) [English Dub] [FuniDub 1080p x264 AAC] [MKV] [93BEF642]</title>
				<link>https://nyaa.si/download/1460462.torrent</link>
				<guid isPermaLink="true">https://nyaa.si/view/1460462</guid>
				<pubDate>Fri, 26 Nov 2021 17:27:29 -0000</pubDate>

				<nyaa:seeders>36</nyaa:seeders>
				<nyaa:leechers>3</nyaa:leechers>
				<nyaa:downloads>80</nyaa:downloads>
				<nyaa:infoHash>263943a01e2fc38cf528eec4516ccb8afd794f55</nyaa:infoHash>
			<nyaa:categoryId>1_2</nyaa:categoryId>
			<nyaa:category>Anime - English-translated</nyaa:category>
			<nyaa:size>1.1 GiB</nyaa:size>
			<nyaa:comments>0</nyaa:comments>
			<nyaa:trusted>No</nyaa:trusted>
			<nyaa:remake>No</nyaa:remake>
			<description><![CDATA[<a href="https://nyaa.si/view/1460462">#1460462 | [Golumpa] The World Ends with You The Animation - 08 (Subarashiki Kono Sekai The Animation) [English Dub] [FuniDub 1080p x264 AAC] [MKV] [93BEF642]</a> | 1.1 GiB | Anime - English-translated | 263943A01E2FC38CF528EEC4516CCB8AFD794F55]]></description>
		</item>
		<item>
			<title>[ASW] Visual Prison - 08 [1080p HEVC x265 10Bit][AAC]</title>
				<link>https://nyaa.si/download/1460461.torrent</link>
				<guid isPermaLink="true">https://nyaa.si/view/1460461</guid>
				<pubDate>Fri, 26 Nov 2021 17:27:16 -0000</pubDate>

				<nyaa:seeders>29</nyaa:seeders>
				<nyaa:leechers>4</nyaa:leechers>
				<nyaa:downloads>106</nyaa:downloads>
				<nyaa:infoHash>f96f07efea8d67a62ec01011be94f208646d4c3a</nyaa:infoHash>
			<nyaa:categoryId>1_2</nyaa:categoryId>
			<nyaa:category>Anime - English-translated</nyaa:category>
			<nyaa:size>240.2 MiB</nyaa:size>
			<nyaa:comments>0</nyaa:comments>
			<nyaa:trusted>No</nyaa:trusted>
			<nyaa:remake>Yes</nyaa:remake>
			<description><![CDATA[<a href="https://nyaa.si/view/1460461">#1460461 | [ASW] Visual Prison - 08 [1080p HEVC x265 10Bit][AAC]</a> | 240.2 MiB | Anime - English-translated | F96F07EFEA8D67A62EC01011BE94F208646D4C3A]]></description>
		</item>
		<item>
			<title>[Golumpa] The World Ends with You The Animation - 08 (Subarashiki Kono Sekai The Animation) [English Dub] [FuniDub 720p x264 AAC] [MKV] [6075EBAC]</title>
				<link>https://nyaa.si/download/1460460.torrent</link>
				<guid isPermaLink="true">https://nyaa.si/view/1460460</guid>
				<pubDate>Fri, 26 Nov 2021 17:27:10 -0000</pubDate>

				<nyaa:seeders>32</nyaa:seeders>
				<nyaa:leechers>3</nyaa:leechers>
				<nyaa:downloads>71</nyaa:downloads>
				<nyaa:infoHash>973df4d10e1a3a64abfe36aea09205a7a8b123cd</nyaa:infoHash>
			<nyaa:categoryId>1_2</nyaa:categoryId>
			<nyaa:category>Anime - English-translated</nyaa:category>
			<nyaa:size>430.8 MiB</nyaa:size>
			<nyaa:comments>0</nyaa:comments>
			<nyaa:trusted>No</nyaa:trusted>
			<nyaa:remake>No</nyaa:remake>
			<description><![CDATA[<a href="https://nyaa.si/view/1460460">#1460460 | [Golumpa] The World Ends with You The Animation - 08 (Subarashiki Kono Sekai The Animation) [English Dub] [FuniDub 720p x264 AAC] [MKV] [6075EBAC]</a> | 430.8 MiB | Anime - English-translated | 973DF4D10E1A3A64ABFE36AEA09205A7A8B123CD]]></description>
		</item>
		<item>
			<title>Subarashiki Kono Sekai The Animation - S01E08 - ENG 1080p WEB H.264 -NanDesuKa (FUNi).mkv</title>
				<link>https://nyaa.si/download/1460458.torrent</link>
				<guid isPermaLink="true">https://nyaa.si/view/1460458</guid>
				<pubDate>Fri, 26 Nov 2021 17:26:06 -0000</pubDate>

				<nyaa:seeders>15</nyaa:seeders>
				<nyaa:leechers>0</nyaa:leechers>
				<nyaa:downloads>27</nyaa:downloads>
				<nyaa:infoHash>57d6a142c28728da80e06c794885155f477a87cd</nyaa:infoHash>
			<nyaa:categoryId>1_2</nyaa:categoryId>
			<nyaa:category>Anime - English-translated</nyaa:category>
			<nyaa:size>1.1 GiB</nyaa:size>
			<nyaa:comments>0</nyaa:comments>
			<nyaa:trusted>No</nyaa:trusted>
			<nyaa:remake>No</nyaa:remake>
			<description><![CDATA[<a href="https://nyaa.si/view/1460458">#1460458 | Subarashiki Kono Sekai The Animation - S01E08 - ENG 1080p WEB H.264 -NanDesuKa (FUNi).mkv</a> | 1.1 GiB | Anime - English-translated | 57D6A142C28728DA80E06C794885155F477A87CD]]></description>
		</item>
		<item>
			<title>Subarashiki Kono Sekai The Animation - S01E08 - ENG 720p WEB H.264 -NanDesuKa (FUNi).mkv</title>
				<link>https://nyaa.si/download/1460457.torrent</link>
				<guid isPermaLink="true">https://nyaa.si/view/1460457</guid>
				<pubDate>Fri, 26 Nov 2021 17:26:01 -0000</pubDate>

				<nyaa:seeders>5</nyaa:seeders>
				<nyaa:leechers>0</nyaa:leechers>
				<nyaa:downloads>14</nyaa:downloads>
				<nyaa:infoHash>e0e0da95f0a55b1724546a36e080a3e0d61b5444</nyaa:infoHash>
			<nyaa:categoryId>1_2</nyaa:categoryId>
			<nyaa:category>Anime - English-translated</nyaa:category>
			<nyaa:size>649.6 MiB</nyaa:size>
			<nyaa:comments>0</nyaa:comments>
			<nyaa:trusted>No</nyaa:trusted>
			<nyaa:remake>No</nyaa:remake>
			<description><![CDATA[<a href="https://nyaa.si/view/1460457">#1460457 | Subarashiki Kono Sekai The Animation - S01E08 - ENG 720p WEB H.264 -NanDesuKa (FUNi).mkv</a> | 649.6 MiB | Anime - English-translated | E0E0DA95F0A55B1724546A36E080A3E0D61B5444]]></description>
		</item>
		<item>
			<title>Subarashiki Kono Sekai The Animation - S01E08 - ENG 540p WEB H.264 -NanDesuKa (FUNi).mkv</title>
				<link>https://nyaa.si/download/1460456.torrent</link>
				<guid isPermaLink="true">https://nyaa.si/view/1460456</guid>
				<pubDate>Fri, 26 Nov 2021 17:25:39 -0000</pubDate>

				<nyaa:seeders>3</nyaa:seeders>
				<nyaa:leechers>1</nyaa:leechers>
				<nyaa:downloads>5</nyaa:downloads>
				<nyaa:infoHash>490d3fdc9a661e2da703b4faaa35890ca475a0ea</nyaa:infoHash>
			<nyaa:categoryId>1_2</nyaa:categoryId>
			<nyaa:category>Anime - English-translated</nyaa:category>
			<nyaa:size>348.5 MiB</nyaa:size>
			<nyaa:comments>0</nyaa:comments>
			<nyaa:trusted>No</nyaa:trusted>
			<nyaa:remake>No</nyaa:remake>
			<description><![CDATA[<a href="https://nyaa.si/view/1460456">#1460456 | Subarashiki Kono Sekai The Animation - S01E08 - ENG 540p WEB H.264 -NanDesuKa (FUNi).mkv</a> | 348.5 MiB | Anime - English-translated | 490D3FDC9A661E2DA703B4FAAA35890CA475A0EA]]></description>
		</item>
		<item>
			<title>[Anime Chap] Gokushufudou - Episode 1 (The Way of the Househusband) [Dual Audio - WEB 1080p] (S01E01)</title>
				<link>https://nyaa.si/download/1460453.torrent</link>
				<guid isPermaLink="true">https://nyaa.si/view/1460453</guid>
				<pubDate>Fri, 26 Nov 2021 17:23:15 -0000</pubDate>

				<nyaa:seeders>12</nyaa:seeders>
				<nyaa:leechers>1</nyaa:leechers>
				<nyaa:downloads>11</nyaa:downloads>
				<nyaa:infoHash>6b216181dcdc6b7d987399f0ccdd5809d43eabef</nyaa:infoHash>
			<nyaa:categoryId>1_2</nyaa:categoryId>
			<nyaa:category>Anime - English-translated</nyaa:category>
			<nyaa:size>609.2 MiB</nyaa:size>
			<nyaa:comments>0</nyaa:comments>
			<nyaa:trusted>No</nyaa:trusted>
			<nyaa:remake>No</nyaa:remake>
			<description><![CDATA[<a href="https://nyaa.si/view/1460453">#1460453 | [Anime Chap] Gokushufudou - Episode 1 (The Way of the Househusband) [Dual Audio - WEB 1080p] (S01E01)</a> | 609.2 MiB | Anime - English-translated | 6B216181DCDC6B7D987399F0CCDD5809D43EABEF]]></description>
		</item>
		<item>
			<title>[Paradise] Sugar Bunnies 19-22</title>
				<link>https://nyaa.si/download/1460452.torrent</link>
				<guid isPermaLink="true">https://nyaa.si/view/1460452</guid>
				<pubDate>Fri, 26 Nov 2021 17:20:24 -0000</pubDate>

				<nyaa:seeders>4</nyaa:seeders>
				<nyaa:leechers>2</nyaa:leechers>
				<nyaa:downloads>14</nyaa:downloads>
				<nyaa:infoHash>44e20be6da99e803c36f71d50b18bc311c90cfb7</nyaa:infoHash>
			<nyaa:categoryId>1_2</nyaa:categoryId>
			<nyaa:category>Anime - English-translated</nyaa:category>
			<nyaa:size>183.4 MiB</nyaa:size>
			<nyaa:comments>1</nyaa:comments>
			<nyaa:trusted>No</nyaa:trusted>
			<nyaa:remake>No</nyaa:remake>
			<description><![CDATA[<a href="https://nyaa.si/view/1460452">#1460452 | [Paradise] Sugar Bunnies 19-22</a> | 183.4 MiB | Anime - English-translated | 44E20BE6DA99E803C36F71D50B18BC311C90CFB7]]></description>
		</item>
		<item>
			<title>Vanitas no Karte - S01E10 - ENG 1080p WEB H.264 -NanDesuKa (FUNi).mkv</title>
				<link>https://nyaa.si/download/1460447.torrent</link>
				<guid isPermaLink="true">https://nyaa.si/view/1460447</guid>
				<pubDate>Fri, 26 Nov 2021 17:01:03 -0000</pubDate>

				<nyaa:seeders>23</nyaa:seeders>
				<nyaa:leechers>0</nyaa:leechers>
				<nyaa:downloads>40</nyaa:downloads>
				<nyaa:infoHash>359cdeeceb9ee3a71918358d0aeaa42d0cdca8b5</nyaa:infoHash>
			<nyaa:categoryId>1_2</nyaa:categoryId>
			<nyaa:category>Anime - English-translated</nyaa:category>
			<nyaa:size>991.1 MiB</nyaa:size>
			<nyaa:comments>0</nyaa:comments>
			<nyaa:trusted>No</nyaa:trusted>
			<nyaa:remake>No</nyaa:remake>
			<description><![CDATA[<a href="https://nyaa.si/view/1460447">#1460447 | Vanitas no Karte - S01E10 - ENG 1080p WEB H.264 -NanDesuKa (FUNi).mkv</a> | 991.1 MiB | Anime - English-translated | 359CDEECEB9EE3A71918358D0AEAA42D0CDCA8B5]]></description>
		</item>
		<item>
			<title>Vanitas no Karte - S01E10 - ENG 720p WEB H.264 -NanDesuKa (FUNi).mkv</title>
				<link>https://nyaa.si/download/1460446.torrent</link>
				<guid isPermaLink="true">https://nyaa.si/view/1460446</guid>
				<pubDate>Fri, 26 Nov 2021 17:00:38 -0000</pubDate>

				<nyaa:seeders>6</nyaa:seeders>
				<nyaa:leechers>2</nyaa:leechers>
				<nyaa:downloads>12</nyaa:downloads>
				<nyaa:infoHash>5d9bb199cb8519f24eb9ffad1c9f7d6057410249</nyaa:infoHash>
			<nyaa:categoryId>1_2</nyaa:categoryId>
			<nyaa:category>Anime - English-translated</nyaa:category>
			<nyaa:size>594.3 MiB</nyaa:size>
			<nyaa:comments>0</nyaa:comments>
			<nyaa:trusted>No</nyaa:trusted>
			<nyaa:remake>No</nyaa:remake>
			<description><![CDATA[<a href="https://nyaa.si/view/1460446">#1460446 | Vanitas no Karte - S01E10 - ENG 720p WEB H.264 -NanDesuKa (FUNi).mkv</a> | 594.3 MiB | Anime - English-translated | 5D9BB199CB8519F24EB9FFAD1C9F7D6057410249]]></description>
		</item>
		<item>
			<title>Vanitas no Karte - S01E10 - ENG 540p WEB H.264 -NanDesuKa (FUNi).mkv</title>
				<link>https://nyaa.si/download/1460444.torrent</link>
				<guid isPermaLink="true">https://nyaa.si/view/1460444</guid>
				<pubDate>Fri, 26 Nov 2021 17:00:12 -0000</pubDate>

				<nyaa:seeders>1</nyaa:seeders>
				<nyaa:leechers>1</nyaa:leechers>
				<nyaa:downloads>5</nyaa:downloads>
				<nyaa:infoHash>c54236d5bdaf2f566d79b0e2487000e861ce1993</nyaa:infoHash>
			<nyaa:categoryId>1_2</nyaa:categoryId>
			<nyaa:category>Anime - English-translated</nyaa:category>
			<nyaa:size>329.2 MiB</nyaa:size>
			<nyaa:comments>0</nyaa:comments>
			<nyaa:trusted>No</nyaa:trusted>
			<nyaa:remake>No</nyaa:remake>
			<description><![CDATA[<a href="https://nyaa.si/view/1460444">#1460444 | Vanitas no Karte - S01E10 - ENG 540p WEB H.264 -NanDesuKa (FUNi).mkv</a> | 329.2 MiB | Anime - English-translated | C54236D5BDAF2F566D79B0E2487000E861CE1993]]></description>
		</item>
		<item>
			<title>Visual Prison - S01E08 - 1080p WEB H.264 -NanDesuKa (FUNi).mkv</title>
				<link>https://nyaa.si/download/1460443.torrent</link>
				<guid isPermaLink="true">https://nyaa.si/view/1460443</guid>
				<pubDate>Fri, 26 Nov 2021 16:59:22 -0000</pubDate>

				<nyaa:seeders>12</nyaa:seeders>
				<nyaa:leechers>0</nyaa:leechers>
				<nyaa:downloads>19</nyaa:downloads>
				<nyaa:infoHash>6dd2a87b1e2232ecb113a585c52b9844841596cd</nyaa:infoHash>
			<nyaa:categoryId>1_2</nyaa:categoryId>
			<nyaa:category>Anime - English-translated</nyaa:category>
			<nyaa:size>1.1 GiB</nyaa:size>
			<nyaa:comments>0</nyaa:comments>
			<nyaa:trusted>No</nyaa:trusted>
			<nyaa:remake>No</nyaa:remake>
			<description><![CDATA[<a href="https://nyaa.si/view/1460443">#1460443 | Visual Prison - S01E08 - 1080p WEB H.264 -NanDesuKa (FUNi).mkv</a> | 1.1 GiB | Anime - English-translated | 6DD2A87B1E2232ECB113A585C52B9844841596CD]]></description>
		</item>
		<item>
			<title>Visual Prison - S01E08 - 720p WEB H.264 -NanDesuKa (FUNi).mkv</title>
				<link>https://nyaa.si/download/1460442.torrent</link>
				<guid isPermaLink="true">https://nyaa.si/view/1460442</guid>
				<pubDate>Fri, 26 Nov 2021 16:59:15 -0000</pubDate>

				<nyaa:seeders>7</nyaa:seeders>
				<nyaa:leechers>0</nyaa:leechers>
				<nyaa:downloads>9</nyaa:downloads>
				<nyaa:infoHash>abb0ad423bb315262003433b15b58cdf7dbf5415</nyaa:infoHash>
			<nyaa:categoryId>1_2</nyaa:categoryId>
			<nyaa:category>Anime - English-translated</nyaa:category>
			<nyaa:size>641.2 MiB</nyaa:size>
			<nyaa:comments>0</nyaa:comments>
			<nyaa:trusted>No</nyaa:trusted>
			<nyaa:remake>No</nyaa:remake>
			<description><![CDATA[<a href="https://nyaa.si/view/1460442">#1460442 | Visual Prison - S01E08 - 720p WEB H.264 -NanDesuKa (FUNi).mkv</a> | 641.2 MiB | Anime - English-translated | ABB0AD423BB315262003433B15B58CDF7DBF5415]]></description>
		</item>
		<item>
			<title>Visual Prison - S01E08 - 540p WEB H.264 -NanDesuKa (FUNi).mkv</title>
				<link>https://nyaa.si/download/1460441.torrent</link>
				<guid isPermaLink="true">https://nyaa.si/view/1460441</guid>
				<pubDate>Fri, 26 Nov 2021 16:59:11 -0000</pubDate>

				<nyaa:seeders>2</nyaa:seeders>
				<nyaa:leechers>0</nyaa:leechers>
				<nyaa:downloads>6</nyaa:downloads>
				<nyaa:infoHash>195206639b18b71b0a6596d1a0d94ce02010a0be</nyaa:infoHash>
			<nyaa:categoryId>1_2</nyaa:categoryId>
			<nyaa:category>Anime - English-translated</nyaa:category>
			<nyaa:size>353.4 MiB</nyaa:size>
			<nyaa:comments>0</nyaa:comments>
			<nyaa:trusted>No</nyaa:trusted>
			<nyaa:remake>No</nyaa:remake>
			<description><![CDATA[<a href="https://nyaa.si/view/1460441">#1460441 | Visual Prison - S01E08 - 540p WEB H.264 -NanDesuKa (FUNi).mkv</a> | 353.4 MiB | Anime - English-translated | 195206639B18B71B0A6596D1A0D94CE02010A0BE]]></description>
		</item>
		<item>
			<title>[EMBER] Scarlet Nexus S01E22 [1080p] [HEVC WEBRip]</title>
				<link>https://nyaa.si/download/1460439.torrent</link>
				<guid isPermaLink="true">https://nyaa.si/view/1460439</guid>
				<pubDate>Fri, 26 Nov 2021 16:56:10 -0000</pubDate>

				<nyaa:seeders>35</nyaa:seeders>
				<nyaa:leechers>1</nyaa:leechers>
				<nyaa:downloads>90</nyaa:downloads>
				<nyaa:infoHash>a38bbb860bde044ae2ecd7382874c158491bd26d</nyaa:infoHash>
			<nyaa:categoryId>1_2</nyaa:categoryId>
			<nyaa:category>Anime - English-translated</nyaa:category>
			<nyaa:size>393.7 MiB</nyaa:size>
			<nyaa:comments>0</nyaa:comments>
			<nyaa:trusted>No</nyaa:trusted>
			<nyaa:remake>Yes</nyaa:remake>
			<description><![CDATA[<a href="https://nyaa.si/view/1460439">#1460439 | [EMBER] Scarlet Nexus S01E22 [1080p] [HEVC WEBRip]</a> | 393.7 MiB | Anime - English-translated | A38BBB860BDE044AE2ECD7382874C158491BD26D]]></description>
		</item>
		<item>
			<title>[Anime Time] Platinum End - 08 [1080p] [HEVC 10bit x265][ACC][Multi Sub] [Weekly].mkv</title>
				<link>https://nyaa.si/download/1460438.torrent</link>
				<guid isPermaLink="true">https://nyaa.si/view/1460438</guid>
				<pubDate>Fri, 26 Nov 2021 16:55:45 -0000</pubDate>

				<nyaa:seeders>25</nyaa:seeders>
				<nyaa:leechers>1</nyaa:leechers>
				<nyaa:downloads>66</nyaa:downloads>
				<nyaa:infoHash>c728b6fb76cd0a15384ff84ee37f81ac7409ff9e</nyaa:infoHash>
			<nyaa:categoryId>1_2</nyaa:categoryId>
			<nyaa:category>Anime - English-translated</nyaa:category>
			<nyaa:size>245.7 MiB</nyaa:size>
			<nyaa:comments>0</nyaa:comments>
			<nyaa:trusted>No</nyaa:trusted>
			<nyaa:remake>Yes</nyaa:remake>
			<description><![CDATA[<a href="https://nyaa.si/view/1460438">#1460438 | [Anime Time] Platinum End - 08 [1080p] [HEVC 10bit x265][ACC][Multi Sub] [Weekly].mkv</a> | 245.7 MiB | Anime - English-translated | C728B6FB76CD0A15384FF84EE37F81AC7409FF9E]]></description>
		</item>
		<item>
			<title>[YuiSubs] Visual Prison - 08  (NVENC H.265 1080p)</title>
				<link>https://nyaa.si/download/1460434.torrent</link>
				<guid isPermaLink="true">https://nyaa.si/view/1460434</guid>
				<pubDate>Fri, 26 Nov 2021 16:43:23 -0000</pubDate>

				<nyaa:seeders>17</nyaa:seeders>
				<nyaa:leechers>0</nyaa:leechers>
				<nyaa:downloads>26</nyaa:downloads>
				<nyaa:infoHash>58a755552a34e37236c47756bc0783d541270a0d</nyaa:infoHash>
			<nyaa:categoryId>1_2</nyaa:categoryId>
			<nyaa:category>Anime - English-translated</nyaa:category>
			<nyaa:size>459.8 MiB</nyaa:size>
			<nyaa:comments>0</nyaa:comments>
			<nyaa:trusted>No</nyaa:trusted>
			<nyaa:remake>Yes</nyaa:remake>
			<description><![CDATA[<a href="https://nyaa.si/view/1460434">#1460434 | [YuiSubs] Visual Prison - 08  (NVENC H.265 1080p)</a> | 459.8 MiB | Anime - English-translated | 58A755552A34E37236C47756BC0783D541270A0D]]></description>
		</item>
		<item>
			<title>[Project Angel] Deadman Wonderland [BD 1080p] [10-bit x265 HEVC | Opus] [Dual Audio]</title>
				<link>https://nyaa.si/download/1460432.torrent</link>
				<guid isPermaLink="true">https://nyaa.si/view/1460432</guid>
				<pubDate>Fri, 26 Nov 2021 16:37:43 -0000</pubDate>

				<nyaa:seeders>12</nyaa:seeders>
				<nyaa:leechers>5</nyaa:leechers>
				<nyaa:downloads>28</nyaa:downloads>
				<nyaa:infoHash>56d365ca6e8ab837ea26b42912216f0afd776308</nyaa:infoHash>
			<nyaa:categoryId>1_2</nyaa:categoryId>
			<nyaa:category>Anime - English-translated</nyaa:category>
			<nyaa:size>2.4 GiB</nyaa:size>
			<nyaa:comments>0</nyaa:comments>
			<nyaa:trusted>No</nyaa:trusted>
			<nyaa:remake>Yes</nyaa:remake>
			<description><![CDATA[<a href="https://nyaa.si/view/1460432">#1460432 | [Project Angel] Deadman Wonderland [BD 1080p] [10-bit x265 HEVC | Opus] [Dual Audio]</a> | 2.4 GiB | Anime - English-translated | 56D365CA6E8AB837EA26B42912216F0AFD776308]]></description>
		</item>
		<item>
			<title>[Golumpa] The Case Study of Vanitas - 10 (Vanitas no Karte) [English Dub] [FuniDub 720p x264 AAC] [MKV] [392A0BFF]</title>
				<link>https://nyaa.si/download/1460431.torrent</link>
				<guid isPermaLink="true">https://nyaa.si/view/1460431</guid>
				<pubDate>Fri, 26 Nov 2021 16:35:10 -0000</pubDate>

				<nyaa:seeders>34</nyaa:seeders>
				<nyaa:leechers>5</nyaa:leechers>
				<nyaa:downloads>77</nyaa:downloads>
				<nyaa:infoHash>cf8567243a1a5f2853aaa1d1449047391bf4e1ad</nyaa:infoHash>
			<nyaa:categoryId>1_2</nyaa:categoryId>
			<nyaa:category>Anime - English-translated</nyaa:category>
			<nyaa:size>423.9 MiB</nyaa:size>
			<nyaa:comments>0</nyaa:comments>
			<nyaa:trusted>No</nyaa:trusted>
			<nyaa:remake>No</nyaa:remake>
			<description><![CDATA[<a href="https://nyaa.si/view/1460431">#1460431 | [Golumpa] The Case Study of Vanitas - 10 (Vanitas no Karte) [English Dub] [FuniDub 720p x264 AAC] [MKV] [392A0BFF]</a> | 423.9 MiB | Anime - English-translated | CF8567243A1A5F2853AAA1D1449047391BF4E1AD]]></description>
		</item>
		<item>
			<title>[Golumpa] The Case Study of Vanitas - 10 (Vanitas no Karte) [English Dub] [FuniDub 1080p x264 AAC] [MKV] [87D78B9B]</title>
				<link>https://nyaa.si/download/1460430.torrent</link>
				<guid isPermaLink="true">https://nyaa.si/view/1460430</guid>
				<pubDate>Fri, 26 Nov 2021 16:34:46 -0000</pubDate>

				<nyaa:seeders>44</nyaa:seeders>
				<nyaa:leechers>5</nyaa:leechers>
				<nyaa:downloads>131</nyaa:downloads>
				<nyaa:infoHash>4e93e3d892c392f95db9f07dbf08bff53901d967</nyaa:infoHash>
			<nyaa:categoryId>1_2</nyaa:categoryId>
			<nyaa:category>Anime - English-translated</nyaa:category>
			<nyaa:size>990.8 MiB</nyaa:size>
			<nyaa:comments>0</nyaa:comments>
			<nyaa:trusted>No</nyaa:trusted>
			<nyaa:remake>No</nyaa:remake>
			<description><![CDATA[<a href="https://nyaa.si/view/1460430">#1460430 | [Golumpa] The Case Study of Vanitas - 10 (Vanitas no Karte) [English Dub] [FuniDub 1080p x264 AAC] [MKV] [87D78B9B]</a> | 990.8 MiB | Anime - English-translated | 4E93E3D892C392F95DB9F07DBF08BFF53901D967]]></description>
		</item>
	</channel>
</rss>
